{"C:\\Users\\Kwizera\\Documents\\Coding\\node-mybrand-api\\server.js": {"path":"C:\\Users\\Kwizera\\Documents\\Coding\\node-mybrand-api\\server.js","statementMap":{"0":{"start":{"line":2,"column":0},"end":{"line":2,"column":16}},"1":{"start":{"line":17,"column":19},"end":{"line":17,"column":28}},"2":{"start":{"line":18,"column":0},"end":{"line":25,"column":2}},"3":{"start":{"line":27,"column":0},"end":{"line":27,"column":12}},"4":{"start":{"line":29,"column":0},"end":{"line":29,"column":24}},"5":{"start":{"line":30,"column":0},"end":{"line":30,"column":27}},"6":{"start":{"line":31,"column":0},"end":{"line":31,"column":41}},"7":{"start":{"line":32,"column":0},"end":{"line":32,"column":48}},"8":{"start":{"line":34,"column":0},"end":{"line":34,"column":31}},"9":{"start":{"line":35,"column":0},"end":{"line":35,"column":28}},"10":{"start":{"line":36,"column":0},"end":{"line":36,"column":38}},"11":{"start":{"line":37,"column":0},"end":{"line":37,"column":37}},"12":{"start":{"line":39,"column":0},"end":{"line":39,"column":31}},"13":{"start":{"line":40,"column":0},"end":{"line":40,"column":31}},"14":{"start":{"line":41,"column":0},"end":{"line":41,"column":34}},"15":{"start":{"line":42,"column":0},"end":{"line":42,"column":37}},"16":{"start":{"line":43,"column":0},"end":{"line":43,"column":37}}},"fnMap":{},"branchMap":{},"s":{"0":1,"1":1,"2":1,"3":1,"4":1,"5":1,"6":1,"7":1,"8":1,"9":1,"10":1,"11":1,"12":1,"13":1,"14":1,"15":1,"16":1},"f":{},"b":{},"_coverageSchema":"1a1c01bbd47fc00a2c39e90264f33305004495a9","hash":"adb6fae4f2b77533ed0362ff0d8cb84d2ca84dbe"}
,"C:\\Users\\Kwizera\\Documents\\Coding\\node-mybrand-api\\config\\allowedOrigins.js": {"path":"C:\\Users\\Kwizera\\Documents\\Coding\\node-mybrand-api\\config\\allowedOrigins.js","statementMap":{"0":{"start":{"line":1,"column":30},"end":{"line":7,"column":1}}},"fnMap":{},"branchMap":{},"s":{"0":1},"f":{},"b":{},"_coverageSchema":"1a1c01bbd47fc00a2c39e90264f33305004495a9","hash":"be1559b0912ca542536f587dbc241d4b94d9a2bf"}
,"C:\\Users\\Kwizera\\Documents\\Coding\\node-mybrand-api\\config\\cloudinaryUpload.js": {"path":"C:\\Users\\Kwizera\\Documents\\Coding\\node-mybrand-api\\config\\cloudinaryUpload.js","statementMap":{"0":{"start":{"line":2,"column":0},"end":{"line":2,"column":16}},"1":{"start":{"line":8,"column":0},"end":{"line":12,"column":3}},"2":{"start":{"line":14,"column":32},"end":{"line":42,"column":1}},"3":{"start":{"line":18,"column":23},"end":{"line":18,"column":41}},"4":{"start":{"line":21,"column":29},"end":{"line":21,"column":64}},"5":{"start":{"line":23,"column":2},"end":{"line":41,"column":7}},"6":{"start":{"line":30,"column":6},"end":{"line":30,"column":34}},"7":{"start":{"line":32,"column":6},"end":{"line":35,"column":8}},"8":{"start":{"line":39,"column":6},"end":{"line":39,"column":34}},"9":{"start":{"line":40,"column":6},"end":{"line":40,"column":33}}},"fnMap":{"0":{"name":"(anonymous_0)","decl":{"start":{"line":14,"column":32},"end":{"line":14,"column":33}},"loc":{"start":{"line":14,"column":56},"end":{"line":42,"column":1}},"line":14},"1":{"name":"(anonymous_1)","decl":{"start":{"line":25,"column":10},"end":{"line":25,"column":11}},"loc":{"start":{"line":25,"column":22},"end":{"line":36,"column":5}},"line":25},"2":{"name":"(anonymous_2)","decl":{"start":{"line":37,"column":11},"end":{"line":37,"column":12}},"loc":{"start":{"line":37,"column":22},"end":{"line":41,"column":5}},"line":37}},"branchMap":{},"s":{"0":1,"1":1,"2":1,"3":0,"4":0,"5":0,"6":0,"7":0,"8":0,"9":0},"f":{"0":0,"1":0,"2":0},"b":{},"_coverageSchema":"1a1c01bbd47fc00a2c39e90264f33305004495a9","hash":"811f946189fe5482f9de133edad2c487eb16fa45"}
,"C:\\Users\\Kwizera\\Documents\\Coding\\node-mybrand-api\\config\\connectDB.js": {"path":"C:\\Users\\Kwizera\\Documents\\Coding\\node-mybrand-api\\config\\connectDB.js","statementMap":{"0":{"start":{"line":3,"column":0},"end":{"line":3,"column":35}},"1":{"start":{"line":4,"column":18},"end":{"line":14,"column":1}},"2":{"start":{"line":5,"column":2},"end":{"line":13,"column":3}},"3":{"start":{"line":6,"column":4},"end":{"line":10,"column":7}},"4":{"start":{"line":12,"column":4},"end":{"line":12,"column":21}}},"fnMap":{"0":{"name":"(anonymous_0)","decl":{"start":{"line":4,"column":18},"end":{"line":4,"column":19}},"loc":{"start":{"line":4,"column":30},"end":{"line":14,"column":1}},"line":4}},"branchMap":{},"s":{"0":1,"1":1,"2":1,"3":1,"4":0},"f":{"0":1},"b":{},"_coverageSchema":"1a1c01bbd47fc00a2c39e90264f33305004495a9","hash":"9921a20b3d24edefb34c14e15d2f8a8bcde5c50e"}
,"C:\\Users\\Kwizera\\Documents\\Coding\\node-mybrand-api\\config\\corsOptions.js": {"path":"C:\\Users\\Kwizera\\Documents\\Coding\\node-mybrand-api\\config\\corsOptions.js","statementMap":{"0":{"start":{"line":3,"column":27},"end":{"line":13,"column":1}},"1":{"start":{"line":5,"column":4},"end":{"line":9,"column":5}},"2":{"start":{"line":6,"column":6},"end":{"line":6,"column":27}},"3":{"start":{"line":8,"column":6},"end":{"line":8,"column":49}}},"fnMap":{"0":{"name":"(anonymous_0)","decl":{"start":{"line":4,"column":10},"end":{"line":4,"column":11}},"loc":{"start":{"line":4,"column":32},"end":{"line":10,"column":3}},"line":4}},"branchMap":{"0":{"loc":{"start":{"line":5,"column":4},"end":{"line":9,"column":5}},"type":"if","locations":[{"start":{"line":5,"column":4},"end":{"line":9,"column":5}},{"start":{"line":7,"column":11},"end":{"line":9,"column":5}}],"line":5},"1":{"loc":{"start":{"line":5,"column":8},"end":{"line":5,"column":56}},"type":"binary-expr","locations":[{"start":{"line":5,"column":8},"end":{"line":5,"column":45}},{"start":{"line":5,"column":49},"end":{"line":5,"column":56}}],"line":5}},"s":{"0":1,"1":22,"2":22,"3":0},"f":{"0":22},"b":{"0":[22,0],"1":[22,22]},"_coverageSchema":"1a1c01bbd47fc00a2c39e90264f33305004495a9","hash":"e6cbdea6dc9ba9a25bb01bedeb7e25fcc9b5a708"}
,"C:\\Users\\Kwizera\\Documents\\Coding\\node-mybrand-api\\config\\passportConfig.js": {"path":"C:\\Users\\Kwizera\\Documents\\Coding\\node-mybrand-api\\config\\passportConfig.js","statementMap":{"0":{"start":{"line":5,"column":22},"end":{"line":5,"column":44}},"1":{"start":{"line":7,"column":31},"end":{"line":32,"column":1}},"2":{"start":{"line":8,"column":2},"end":{"line":31,"column":4}},"3":{"start":{"line":17,"column":8},"end":{"line":28,"column":9}},"4":{"start":{"line":19,"column":29},"end":{"line":19,"column":65}},"5":{"start":{"line":20,"column":10},"end":{"line":22,"column":11}},"6":{"start":{"line":21,"column":12},"end":{"line":21,"column":37}},"7":{"start":{"line":24,"column":23},"end":{"line":24,"column":31}},"8":{"start":{"line":25,"column":10},"end":{"line":25,"column":34}},"9":{"start":{"line":27,"column":10},"end":{"line":27,"column":22}},"10":{"start":{"line":34,"column":30},"end":{"line":53,"column":1}},"11":{"start":{"line":35,"column":2},"end":{"line":52,"column":4}},"12":{"start":{"line":43,"column":21},"end":{"line":43,"column":57}},"13":{"start":{"line":44,"column":8},"end":{"line":44,"column":44}},"14":{"start":{"line":44,"column":19},"end":{"line":44,"column":44}},"15":{"start":{"line":46,"column":20},"end":{"line":46,"column":65}},"16":{"start":{"line":47,"column":8},"end":{"line":47,"column":45}},"17":{"start":{"line":47,"column":20},"end":{"line":47,"column":45}},"18":{"start":{"line":49,"column":8},"end":{"line":49,"column":32}}},"fnMap":{"0":{"name":"(anonymous_0)","decl":{"start":{"line":7,"column":31},"end":{"line":7,"column":32}},"loc":{"start":{"line":7,"column":45},"end":{"line":32,"column":1}},"line":7},"1":{"name":"(anonymous_1)","decl":{"start":{"line":16,"column":6},"end":{"line":16,"column":7}},"loc":{"start":{"line":16,"column":44},"end":{"line":29,"column":7}},"line":16},"2":{"name":"(anonymous_2)","decl":{"start":{"line":34,"column":30},"end":{"line":34,"column":31}},"loc":{"start":{"line":34,"column":44},"end":{"line":53,"column":1}},"line":34},"3":{"name":"(anonymous_3)","decl":{"start":{"line":42,"column":6},"end":{"line":42,"column":7}},"loc":{"start":{"line":42,"column":39},"end":{"line":50,"column":7}},"line":42}},"branchMap":{"0":{"loc":{"start":{"line":20,"column":10},"end":{"line":22,"column":11}},"type":"if","locations":[{"start":{"line":20,"column":10},"end":{"line":22,"column":11}},{"start":{},"end":{}}],"line":20},"1":{"loc":{"start":{"line":44,"column":8},"end":{"line":44,"column":44}},"type":"if","locations":[{"start":{"line":44,"column":8},"end":{"line":44,"column":44}},{"start":{},"end":{}}],"line":44},"2":{"loc":{"start":{"line":47,"column":8},"end":{"line":47,"column":45}},"type":"if","locations":[{"start":{"line":47,"column":8},"end":{"line":47,"column":45}},{"start":{},"end":{}}],"line":47}},"s":{"0":1,"1":1,"2":1,"3":1,"4":1,"5":1,"6":0,"7":1,"8":1,"9":0,"10":1,"11":1,"12":1,"13":1,"14":0,"15":1,"16":1,"17":0,"18":1},"f":{"0":1,"1":1,"2":1,"3":1},"b":{"0":[0,1],"1":[0,1],"2":[0,1]},"_coverageSchema":"1a1c01bbd47fc00a2c39e90264f33305004495a9","hash":"0c96e5a780a1af537bae78199f70dfb9443bcd38"}
,"C:\\Users\\Kwizera\\Documents\\Coding\\node-mybrand-api\\config\\validation.js": {"path":"C:\\Users\\Kwizera\\Documents\\Coding\\node-mybrand-api\\config\\validation.js","statementMap":{"0":{"start":{"line":3,"column":29},"end":{"line":11,"column":2}},"1":{"start":{"line":13,"column":28},"end":{"line":16,"column":2}},"2":{"start":{"line":18,"column":27},"end":{"line":23,"column":2}},"3":{"start":{"line":25,"column":30},"end":{"line":30,"column":2}},"4":{"start":{"line":32,"column":28},"end":{"line":39,"column":2}},"5":{"start":{"line":40,"column":30},"end":{"line":42,"column":2}}},"fnMap":{},"branchMap":{},"s":{"0":1,"1":1,"2":1,"3":1,"4":1,"5":1},"f":{},"b":{},"_coverageSchema":"1a1c01bbd47fc00a2c39e90264f33305004495a9","hash":"6a6bb64006f29f38d20f5d2e2fb5f86c94f3d7cb"}
,"C:\\Users\\Kwizera\\Documents\\Coding\\node-mybrand-api\\controllers\\blogsController.js": {"path":"C:\\Users\\Kwizera\\Documents\\Coding\\node-mybrand-api\\controllers\\blogsController.js","statementMap":{"0":{"start":{"line":4,"column":27},"end":{"line":23,"column":1}},"1":{"start":{"line":5,"column":16},"end":{"line":5,"column":33}},"2":{"start":{"line":6,"column":2},"end":{"line":6,"column":73}},"3":{"start":{"line":6,"column":14},"end":{"line":6,"column":73}},"4":{"start":{"line":8,"column":27},"end":{"line":8,"column":29}},"5":{"start":{"line":10,"column":2},"end":{"line":20,"column":3}},"6":{"start":{"line":11,"column":15},"end":{"line":18,"column":5}},"7":{"start":{"line":19,"column":4},"end":{"line":19,"column":34}},"8":{"start":{"line":22,"column":2},"end":{"line":22,"column":18}},"9":{"start":{"line":25,"column":29},"end":{"line":50,"column":1}},"10":{"start":{"line":26,"column":18},"end":{"line":26,"column":70}},"11":{"start":{"line":29,"column":4},"end":{"line":31,"column":23}},"12":{"start":{"line":33,"column":16},"end":{"line":33,"column":26}},"13":{"start":{"line":35,"column":2},"end":{"line":49,"column":3}},"14":{"start":{"line":36,"column":19},"end":{"line":43,"column":6}},"15":{"start":{"line":45,"column":4},"end":{"line":45,"column":33}},"16":{"start":{"line":47,"column":4},"end":{"line":47,"column":21}},"17":{"start":{"line":48,"column":4},"end":{"line":48,"column":24}},"18":{"start":{"line":52,"column":26},"end":{"line":74,"column":1}},"19":{"start":{"line":53,"column":2},"end":{"line":54,"column":65}},"20":{"start":{"line":54,"column":4},"end":{"line":54,"column":65}},"21":{"start":{"line":55,"column":15},"end":{"line":55,"column":57}},"22":{"start":{"line":57,"column":2},"end":{"line":58,"column":77}},"23":{"start":{"line":58,"column":4},"end":{"line":58,"column":77}},"24":{"start":{"line":59,"column":2},"end":{"line":59,"column":52}},"25":{"start":{"line":59,"column":24},"end":{"line":59,"column":52}},"26":{"start":{"line":60,"column":2},"end":{"line":60,"column":55}},"27":{"start":{"line":60,"column":25},"end":{"line":60,"column":55}},"28":{"start":{"line":61,"column":2},"end":{"line":61,"column":49}},"29":{"start":{"line":61,"column":23},"end":{"line":61,"column":49}},"30":{"start":{"line":62,"column":2},"end":{"line":62,"column":61}},"31":{"start":{"line":62,"column":27},"end":{"line":62,"column":61}},"32":{"start":{"line":63,"column":2},"end":{"line":70,"column":3}},"33":{"start":{"line":64,"column":20},"end":{"line":64,"column":62}},"34":{"start":{"line":66,"column":6},"end":{"line":68,"column":25}},"35":{"start":{"line":69,"column":4},"end":{"line":69,"column":34}},"36":{"start":{"line":72,"column":17},"end":{"line":72,"column":34}},"37":{"start":{"line":73,"column":2},"end":{"line":73,"column":19}},"38":{"start":{"line":76,"column":24},"end":{"line":86,"column":1}},"39":{"start":{"line":77,"column":2},"end":{"line":78,"column":72}},"40":{"start":{"line":78,"column":4},"end":{"line":78,"column":72}},"41":{"start":{"line":80,"column":15},"end":{"line":80,"column":57}},"42":{"start":{"line":82,"column":2},"end":{"line":83,"column":77}},"43":{"start":{"line":83,"column":4},"end":{"line":83,"column":77}},"44":{"start":{"line":85,"column":2},"end":{"line":85,"column":17}},"45":{"start":{"line":88,"column":34},"end":{"line":99,"column":1}},"46":{"start":{"line":89,"column":2},"end":{"line":90,"column":72}},"47":{"start":{"line":90,"column":4},"end":{"line":90,"column":72}},"48":{"start":{"line":92,"column":15},"end":{"line":92,"column":57}},"49":{"start":{"line":93,"column":23},"end":{"line":93,"column":67}},"50":{"start":{"line":95,"column":2},"end":{"line":96,"column":77}},"51":{"start":{"line":96,"column":4},"end":{"line":96,"column":77}},"52":{"start":{"line":98,"column":2},"end":{"line":98,"column":45}},"53":{"start":{"line":101,"column":26},"end":{"line":112,"column":1}},"54":{"start":{"line":102,"column":2},"end":{"line":103,"column":72}},"55":{"start":{"line":103,"column":4},"end":{"line":103,"column":72}},"56":{"start":{"line":105,"column":15},"end":{"line":105,"column":57}},"57":{"start":{"line":107,"column":2},"end":{"line":108,"column":77}},"58":{"start":{"line":108,"column":4},"end":{"line":108,"column":77}},"59":{"start":{"line":110,"column":17},"end":{"line":110,"column":61}},"60":{"start":{"line":111,"column":2},"end":{"line":111,"column":19}},"61":{"start":{"line":114,"column":24},"end":{"line":144,"column":1}},"62":{"start":{"line":115,"column":2},"end":{"line":116,"column":72}},"63":{"start":{"line":116,"column":4},"end":{"line":116,"column":72}},"64":{"start":{"line":118,"column":15},"end":{"line":118,"column":57}},"65":{"start":{"line":120,"column":2},"end":{"line":120,"column":72}},"66":{"start":{"line":120,"column":13},"end":{"line":120,"column":72}},"67":{"start":{"line":122,"column":16},"end":{"line":122,"column":26}},"68":{"start":{"line":123,"column":16},"end":{"line":126,"column":3}},"69":{"start":{"line":128,"column":17},"end":{"line":128,"column":32}},"70":{"start":{"line":129,"column":19},"end":{"line":129,"column":72}},"71":{"start":{"line":129,"column":43},"end":{"line":129,"column":71}},"72":{"start":{"line":131,"column":2},"end":{"line":135,"column":3}},"73":{"start":{"line":132,"column":4},"end":{"line":132,"column":29}},"74":{"start":{"line":133,"column":4},"end":{"line":133,"column":16}},"75":{"start":{"line":134,"column":4},"end":{"line":134,"column":52}},"76":{"start":{"line":137,"column":14},"end":{"line":137,"column":45}},"77":{"start":{"line":138,"column":2},"end":{"line":138,"column":28}},"78":{"start":{"line":140,"column":2},"end":{"line":140,"column":18}},"79":{"start":{"line":141,"column":2},"end":{"line":141,"column":29}},"80":{"start":{"line":142,"column":2},"end":{"line":142,"column":14}},"81":{"start":{"line":143,"column":2},"end":{"line":143,"column":47}}},"fnMap":{"0":{"name":"(anonymous_0)","decl":{"start":{"line":4,"column":27},"end":{"line":4,"column":28}},"loc":{"start":{"line":4,"column":47},"end":{"line":23,"column":1}},"line":4},"1":{"name":"(anonymous_1)","decl":{"start":{"line":25,"column":29},"end":{"line":25,"column":30}},"loc":{"start":{"line":25,"column":49},"end":{"line":50,"column":1}},"line":25},"2":{"name":"(anonymous_2)","decl":{"start":{"line":52,"column":26},"end":{"line":52,"column":27}},"loc":{"start":{"line":52,"column":46},"end":{"line":74,"column":1}},"line":52},"3":{"name":"(anonymous_3)","decl":{"start":{"line":76,"column":24},"end":{"line":76,"column":25}},"loc":{"start":{"line":76,"column":44},"end":{"line":86,"column":1}},"line":76},"4":{"name":"(anonymous_4)","decl":{"start":{"line":88,"column":34},"end":{"line":88,"column":35}},"loc":{"start":{"line":88,"column":54},"end":{"line":99,"column":1}},"line":88},"5":{"name":"(anonymous_5)","decl":{"start":{"line":101,"column":26},"end":{"line":101,"column":27}},"loc":{"start":{"line":101,"column":46},"end":{"line":112,"column":1}},"line":101},"6":{"name":"(anonymous_6)","decl":{"start":{"line":114,"column":24},"end":{"line":114,"column":25}},"loc":{"start":{"line":114,"column":44},"end":{"line":144,"column":1}},"line":114},"7":{"name":"(anonymous_7)","decl":{"start":{"line":129,"column":33},"end":{"line":129,"column":34}},"loc":{"start":{"line":129,"column":43},"end":{"line":129,"column":71}},"line":129}},"branchMap":{"0":{"loc":{"start":{"line":6,"column":2},"end":{"line":6,"column":73}},"type":"if","locations":[{"start":{"line":6,"column":2},"end":{"line":6,"column":73}},{"start":{},"end":{}}],"line":6},"1":{"loc":{"start":{"line":26,"column":18},"end":{"line":26,"column":70}},"type":"cond-expr","locations":[{"start":{"line":26,"column":52},"end":{"line":26,"column":65}},{"start":{"line":26,"column":68},"end":{"line":26,"column":70}}],"line":26},"2":{"loc":{"start":{"line":29,"column":4},"end":{"line":31,"column":23}},"type":"cond-expr","locations":[{"start":{"line":30,"column":8},"end":{"line":30,"column":41}},{"start":{"line":31,"column":8},"end":{"line":31,"column":23}}],"line":29},"3":{"loc":{"start":{"line":53,"column":2},"end":{"line":54,"column":65}},"type":"if","locations":[{"start":{"line":53,"column":2},"end":{"line":54,"column":65}},{"start":{},"end":{}}],"line":53},"4":{"loc":{"start":{"line":57,"column":2},"end":{"line":58,"column":77}},"type":"if","locations":[{"start":{"line":57,"column":2},"end":{"line":58,"column":77}},{"start":{},"end":{}}],"line":57},"5":{"loc":{"start":{"line":59,"column":2},"end":{"line":59,"column":52}},"type":"if","locations":[{"start":{"line":59,"column":2},"end":{"line":59,"column":52}},{"start":{},"end":{}}],"line":59},"6":{"loc":{"start":{"line":60,"column":2},"end":{"line":60,"column":55}},"type":"if","locations":[{"start":{"line":60,"column":2},"end":{"line":60,"column":55}},{"start":{},"end":{}}],"line":60},"7":{"loc":{"start":{"line":61,"column":2},"end":{"line":61,"column":49}},"type":"if","locations":[{"start":{"line":61,"column":2},"end":{"line":61,"column":49}},{"start":{},"end":{}}],"line":61},"8":{"loc":{"start":{"line":62,"column":2},"end":{"line":62,"column":61}},"type":"if","locations":[{"start":{"line":62,"column":2},"end":{"line":62,"column":61}},{"start":{},"end":{}}],"line":62},"9":{"loc":{"start":{"line":63,"column":2},"end":{"line":70,"column":3}},"type":"if","locations":[{"start":{"line":63,"column":2},"end":{"line":70,"column":3}},{"start":{},"end":{}}],"line":63},"10":{"loc":{"start":{"line":64,"column":20},"end":{"line":64,"column":62}},"type":"cond-expr","locations":[{"start":{"line":64,"column":44},"end":{"line":64,"column":57}},{"start":{"line":64,"column":60},"end":{"line":64,"column":62}}],"line":64},"11":{"loc":{"start":{"line":66,"column":6},"end":{"line":68,"column":25}},"type":"cond-expr","locations":[{"start":{"line":67,"column":10},"end":{"line":67,"column":43}},{"start":{"line":68,"column":10},"end":{"line":68,"column":25}}],"line":66},"12":{"loc":{"start":{"line":77,"column":2},"end":{"line":78,"column":72}},"type":"if","locations":[{"start":{"line":77,"column":2},"end":{"line":78,"column":72}},{"start":{},"end":{}}],"line":77},"13":{"loc":{"start":{"line":82,"column":2},"end":{"line":83,"column":77}},"type":"if","locations":[{"start":{"line":82,"column":2},"end":{"line":83,"column":77}},{"start":{},"end":{}}],"line":82},"14":{"loc":{"start":{"line":89,"column":2},"end":{"line":90,"column":72}},"type":"if","locations":[{"start":{"line":89,"column":2},"end":{"line":90,"column":72}},{"start":{},"end":{}}],"line":89},"15":{"loc":{"start":{"line":95,"column":2},"end":{"line":96,"column":77}},"type":"if","locations":[{"start":{"line":95,"column":2},"end":{"line":96,"column":77}},{"start":{},"end":{}}],"line":95},"16":{"loc":{"start":{"line":98,"column":11},"end":{"line":98,"column":43}},"type":"cond-expr","locations":[{"start":{"line":98,"column":26},"end":{"line":98,"column":38}},{"start":{"line":98,"column":41},"end":{"line":98,"column":43}}],"line":98},"17":{"loc":{"start":{"line":102,"column":2},"end":{"line":103,"column":72}},"type":"if","locations":[{"start":{"line":102,"column":2},"end":{"line":103,"column":72}},{"start":{},"end":{}}],"line":102},"18":{"loc":{"start":{"line":107,"column":2},"end":{"line":108,"column":77}},"type":"if","locations":[{"start":{"line":107,"column":2},"end":{"line":108,"column":77}},{"start":{},"end":{}}],"line":107},"19":{"loc":{"start":{"line":115,"column":2},"end":{"line":116,"column":72}},"type":"if","locations":[{"start":{"line":115,"column":2},"end":{"line":116,"column":72}},{"start":{},"end":{}}],"line":115},"20":{"loc":{"start":{"line":120,"column":2},"end":{"line":120,"column":72}},"type":"if","locations":[{"start":{"line":120,"column":2},"end":{"line":120,"column":72}},{"start":{},"end":{}}],"line":120},"21":{"loc":{"start":{"line":131,"column":2},"end":{"line":135,"column":3}},"type":"if","locations":[{"start":{"line":131,"column":2},"end":{"line":135,"column":3}},{"start":{},"end":{}}],"line":131}},"s":{"0":1,"1":1,"2":1,"3":0,"4":1,"5":1,"6":1,"7":1,"8":1,"9":1,"10":1,"11":1,"12":1,"13":1,"14":1,"15":1,"16":0,"17":0,"18":1,"19":1,"20":0,"21":1,"22":1,"23":0,"24":1,"25":1,"26":1,"27":0,"28":1,"29":1,"30":1,"31":1,"32":1,"33":0,"34":0,"35":0,"36":1,"37":1,"38":1,"39":1,"40":0,"41":1,"42":1,"43":0,"44":1,"45":1,"46":1,"47":0,"48":1,"49":1,"50":1,"51":0,"52":1,"53":1,"54":1,"55":0,"56":1,"57":1,"58":0,"59":1,"60":1,"61":1,"62":1,"63":0,"64":1,"65":1,"66":0,"67":1,"68":1,"69":1,"70":1,"71":0,"72":1,"73":1,"74":1,"75":1,"76":0,"77":0,"78":0,"79":0,"80":0,"81":0},"f":{"0":1,"1":1,"2":1,"3":1,"4":1,"5":1,"6":1,"7":0},"b":{"0":[0,1],"1":[0,1],"2":[0,1],"3":[0,1],"4":[0,1],"5":[1,0],"6":[0,1],"7":[1,0],"8":[1,0],"9":[0,1],"10":[0,0],"11":[0,0],"12":[0,1],"13":[0,1],"14":[0,1],"15":[0,1],"16":[1,0],"17":[0,1],"18":[0,1],"19":[0,1],"20":[0,1],"21":[1,0]},"_coverageSchema":"1a1c01bbd47fc00a2c39e90264f33305004495a9","hash":"bbf938bf2c23089fde1c1b0e5994af1be5aa34fb"}
,"C:\\Users\\Kwizera\\Documents\\Coding\\node-mybrand-api\\controllers\\commentsController.js": {"path":"C:\\Users\\Kwizera\\Documents\\Coding\\node-mybrand-api\\controllers\\commentsController.js","statementMap":{"0":{"start":{"line":4,"column":29},"end":{"line":27,"column":1}},"1":{"start":{"line":5,"column":2},"end":{"line":6,"column":72}},"2":{"start":{"line":6,"column":4},"end":{"line":6,"column":72}},"3":{"start":{"line":8,"column":15},"end":{"line":8,"column":57}},"4":{"start":{"line":10,"column":2},"end":{"line":10,"column":72}},"5":{"start":{"line":10,"column":13},"end":{"line":10,"column":72}},"6":{"start":{"line":12,"column":2},"end":{"line":26,"column":3}},"7":{"start":{"line":13,"column":18},"end":{"line":13,"column":28}},"8":{"start":{"line":14,"column":21},"end":{"line":19,"column":5}},"9":{"start":{"line":21,"column":17},"end":{"line":21,"column":49}},"10":{"start":{"line":22,"column":4},"end":{"line":22,"column":67}},"11":{"start":{"line":24,"column":4},"end":{"line":24,"column":23}},"12":{"start":{"line":25,"column":4},"end":{"line":25,"column":31}},"13":{"start":{"line":29,"column":27},"end":{"line":54,"column":1}},"14":{"start":{"line":30,"column":2},"end":{"line":31,"column":72}},"15":{"start":{"line":31,"column":4},"end":{"line":31,"column":72}},"16":{"start":{"line":33,"column":15},"end":{"line":33,"column":57}},"17":{"start":{"line":35,"column":2},"end":{"line":35,"column":72}},"18":{"start":{"line":35,"column":13},"end":{"line":35,"column":72}},"19":{"start":{"line":37,"column":17},"end":{"line":37,"column":70}},"20":{"start":{"line":38,"column":30},"end":{"line":38,"column":32}},"21":{"start":{"line":39,"column":2},"end":{"line":50,"column":3}},"22":{"start":{"line":40,"column":18},"end":{"line":40,"column":62}},"23":{"start":{"line":42,"column":4},"end":{"line":48,"column":5}},"24":{"start":{"line":43,"column":24},"end":{"line":43,"column":26}},"25":{"start":{"line":44,"column":6},"end":{"line":46,"column":7}},"26":{"start":{"line":45,"column":8},"end":{"line":45,"column":32}},"27":{"start":{"line":47,"column":6},"end":{"line":47,"column":44}},"28":{"start":{"line":49,"column":4},"end":{"line":49,"column":40}},"29":{"start":{"line":53,"column":2},"end":{"line":53,"column":34}},"30":{"start":{"line":56,"column":27},"end":{"line":65,"column":1}},"31":{"start":{"line":57,"column":2},"end":{"line":58,"column":75}},"32":{"start":{"line":58,"column":4},"end":{"line":58,"column":75}},"33":{"start":{"line":60,"column":18},"end":{"line":60,"column":63}},"34":{"start":{"line":62,"column":2},"end":{"line":62,"column":78}},"35":{"start":{"line":62,"column":16},"end":{"line":62,"column":78}},"36":{"start":{"line":64,"column":2},"end":{"line":64,"column":20}},"37":{"start":{"line":67,"column":27},"end":{"line":97,"column":1}},"38":{"start":{"line":68,"column":2},"end":{"line":69,"column":75}},"39":{"start":{"line":69,"column":4},"end":{"line":69,"column":75}},"40":{"start":{"line":71,"column":18},"end":{"line":71,"column":63}},"41":{"start":{"line":73,"column":2},"end":{"line":73,"column":78}},"42":{"start":{"line":73,"column":16},"end":{"line":73,"column":78}},"43":{"start":{"line":75,"column":16},"end":{"line":75,"column":26}},"44":{"start":{"line":76,"column":16},"end":{"line":79,"column":3}},"45":{"start":{"line":81,"column":17},"end":{"line":81,"column":35}},"46":{"start":{"line":82,"column":19},"end":{"line":82,"column":72}},"47":{"start":{"line":82,"column":43},"end":{"line":82,"column":71}},"48":{"start":{"line":84,"column":2},"end":{"line":88,"column":3}},"49":{"start":{"line":85,"column":4},"end":{"line":85,"column":32}},"50":{"start":{"line":86,"column":4},"end":{"line":86,"column":19}},"51":{"start":{"line":87,"column":4},"end":{"line":87,"column":50}},"52":{"start":{"line":90,"column":14},"end":{"line":90,"column":45}},"53":{"start":{"line":91,"column":2},"end":{"line":91,"column":28}},"54":{"start":{"line":93,"column":2},"end":{"line":93,"column":21}},"55":{"start":{"line":94,"column":2},"end":{"line":94,"column":32}},"56":{"start":{"line":95,"column":2},"end":{"line":95,"column":17}},"57":{"start":{"line":96,"column":2},"end":{"line":96,"column":47}},"58":{"start":{"line":99,"column":30},"end":{"line":122,"column":1}},"59":{"start":{"line":100,"column":2},"end":{"line":101,"column":75}},"60":{"start":{"line":101,"column":4},"end":{"line":101,"column":75}},"61":{"start":{"line":103,"column":18},"end":{"line":103,"column":63}},"62":{"start":{"line":105,"column":2},"end":{"line":105,"column":78}},"63":{"start":{"line":105,"column":16},"end":{"line":105,"column":78}},"64":{"start":{"line":107,"column":2},"end":{"line":121,"column":3}},"65":{"start":{"line":108,"column":18},"end":{"line":108,"column":28}},"66":{"start":{"line":109,"column":21},"end":{"line":114,"column":5}},"67":{"start":{"line":116,"column":17},"end":{"line":116,"column":49}},"68":{"start":{"line":117,"column":4},"end":{"line":117,"column":49}},"69":{"start":{"line":119,"column":4},"end":{"line":119,"column":23}},"70":{"start":{"line":120,"column":4},"end":{"line":120,"column":31}},"71":{"start":{"line":124,"column":26},"end":{"line":135,"column":1}},"72":{"start":{"line":125,"column":2},"end":{"line":126,"column":75}},"73":{"start":{"line":126,"column":4},"end":{"line":126,"column":75}},"74":{"start":{"line":128,"column":18},"end":{"line":128,"column":63}},"75":{"start":{"line":130,"column":2},"end":{"line":130,"column":78}},"76":{"start":{"line":130,"column":16},"end":{"line":130,"column":78}},"77":{"start":{"line":132,"column":18},"end":{"line":132,"column":64}},"78":{"start":{"line":134,"column":2},"end":{"line":134,"column":35}}},"fnMap":{"0":{"name":"(anonymous_0)","decl":{"start":{"line":4,"column":29},"end":{"line":4,"column":30}},"loc":{"start":{"line":4,"column":49},"end":{"line":27,"column":1}},"line":4},"1":{"name":"(anonymous_1)","decl":{"start":{"line":29,"column":27},"end":{"line":29,"column":28}},"loc":{"start":{"line":29,"column":47},"end":{"line":54,"column":1}},"line":29},"2":{"name":"(anonymous_2)","decl":{"start":{"line":56,"column":27},"end":{"line":56,"column":28}},"loc":{"start":{"line":56,"column":47},"end":{"line":65,"column":1}},"line":56},"3":{"name":"(anonymous_3)","decl":{"start":{"line":67,"column":27},"end":{"line":67,"column":28}},"loc":{"start":{"line":67,"column":47},"end":{"line":97,"column":1}},"line":67},"4":{"name":"(anonymous_4)","decl":{"start":{"line":82,"column":33},"end":{"line":82,"column":34}},"loc":{"start":{"line":82,"column":43},"end":{"line":82,"column":71}},"line":82},"5":{"name":"(anonymous_5)","decl":{"start":{"line":99,"column":30},"end":{"line":99,"column":31}},"loc":{"start":{"line":99,"column":50},"end":{"line":122,"column":1}},"line":99},"6":{"name":"(anonymous_6)","decl":{"start":{"line":124,"column":26},"end":{"line":124,"column":27}},"loc":{"start":{"line":124,"column":46},"end":{"line":135,"column":1}},"line":124}},"branchMap":{"0":{"loc":{"start":{"line":5,"column":2},"end":{"line":6,"column":72}},"type":"if","locations":[{"start":{"line":5,"column":2},"end":{"line":6,"column":72}},{"start":{},"end":{}}],"line":5},"1":{"loc":{"start":{"line":10,"column":2},"end":{"line":10,"column":72}},"type":"if","locations":[{"start":{"line":10,"column":2},"end":{"line":10,"column":72}},{"start":{},"end":{}}],"line":10},"2":{"loc":{"start":{"line":30,"column":2},"end":{"line":31,"column":72}},"type":"if","locations":[{"start":{"line":30,"column":2},"end":{"line":31,"column":72}},{"start":{},"end":{}}],"line":30},"3":{"loc":{"start":{"line":35,"column":2},"end":{"line":35,"column":72}},"type":"if","locations":[{"start":{"line":35,"column":2},"end":{"line":35,"column":72}},{"start":{},"end":{}}],"line":35},"4":{"loc":{"start":{"line":42,"column":4},"end":{"line":48,"column":5}},"type":"if","locations":[{"start":{"line":42,"column":4},"end":{"line":48,"column":5}},{"start":{},"end":{}}],"line":42},"5":{"loc":{"start":{"line":57,"column":2},"end":{"line":58,"column":75}},"type":"if","locations":[{"start":{"line":57,"column":2},"end":{"line":58,"column":75}},{"start":{},"end":{}}],"line":57},"6":{"loc":{"start":{"line":62,"column":2},"end":{"line":62,"column":78}},"type":"if","locations":[{"start":{"line":62,"column":2},"end":{"line":62,"column":78}},{"start":{},"end":{}}],"line":62},"7":{"loc":{"start":{"line":68,"column":2},"end":{"line":69,"column":75}},"type":"if","locations":[{"start":{"line":68,"column":2},"end":{"line":69,"column":75}},{"start":{},"end":{}}],"line":68},"8":{"loc":{"start":{"line":73,"column":2},"end":{"line":73,"column":78}},"type":"if","locations":[{"start":{"line":73,"column":2},"end":{"line":73,"column":78}},{"start":{},"end":{}}],"line":73},"9":{"loc":{"start":{"line":84,"column":2},"end":{"line":88,"column":3}},"type":"if","locations":[{"start":{"line":84,"column":2},"end":{"line":88,"column":3}},{"start":{},"end":{}}],"line":84},"10":{"loc":{"start":{"line":100,"column":2},"end":{"line":101,"column":75}},"type":"if","locations":[{"start":{"line":100,"column":2},"end":{"line":101,"column":75}},{"start":{},"end":{}}],"line":100},"11":{"loc":{"start":{"line":105,"column":2},"end":{"line":105,"column":78}},"type":"if","locations":[{"start":{"line":105,"column":2},"end":{"line":105,"column":78}},{"start":{},"end":{}}],"line":105},"12":{"loc":{"start":{"line":125,"column":2},"end":{"line":126,"column":75}},"type":"if","locations":[{"start":{"line":125,"column":2},"end":{"line":126,"column":75}},{"start":{},"end":{}}],"line":125},"13":{"loc":{"start":{"line":130,"column":2},"end":{"line":130,"column":78}},"type":"if","locations":[{"start":{"line":130,"column":2},"end":{"line":130,"column":78}},{"start":{},"end":{}}],"line":130},"14":{"loc":{"start":{"line":134,"column":11},"end":{"line":134,"column":33}},"type":"cond-expr","locations":[{"start":{"line":134,"column":21},"end":{"line":134,"column":28}},{"start":{"line":134,"column":31},"end":{"line":134,"column":33}}],"line":134}},"s":{"0":1,"1":1,"2":0,"3":1,"4":1,"5":0,"6":1,"7":1,"8":1,"9":1,"10":1,"11":0,"12":0,"13":1,"14":1,"15":0,"16":1,"17":1,"18":0,"19":1,"20":1,"21":1,"22":1,"23":1,"24":0,"25":0,"26":0,"27":0,"28":1,"29":1,"30":1,"31":1,"32":0,"33":1,"34":1,"35":0,"36":1,"37":1,"38":1,"39":0,"40":1,"41":1,"42":0,"43":1,"44":1,"45":1,"46":1,"47":0,"48":1,"49":1,"50":1,"51":1,"52":0,"53":0,"54":0,"55":0,"56":0,"57":0,"58":1,"59":1,"60":0,"61":1,"62":1,"63":0,"64":1,"65":1,"66":1,"67":1,"68":1,"69":0,"70":0,"71":1,"72":1,"73":0,"74":1,"75":1,"76":0,"77":1,"78":1},"f":{"0":1,"1":1,"2":1,"3":1,"4":0,"5":1,"6":1},"b":{"0":[0,1],"1":[0,1],"2":[0,1],"3":[0,1],"4":[0,1],"5":[0,1],"6":[0,1],"7":[0,1],"8":[0,1],"9":[1,0],"10":[0,1],"11":[0,1],"12":[0,1],"13":[0,1],"14":[1,0]},"_coverageSchema":"1a1c01bbd47fc00a2c39e90264f33305004495a9","hash":"265c4c1507132e4de6391b3a9260cbe733ce59a4"}
,"C:\\Users\\Kwizera\\Documents\\Coding\\node-mybrand-api\\controllers\\projectsController.js": {"path":"C:\\Users\\Kwizera\\Documents\\Coding\\node-mybrand-api\\controllers\\projectsController.js","statementMap":{"0":{"start":{"line":4,"column":30},"end":{"line":10,"column":1}},"1":{"start":{"line":5,"column":17},"end":{"line":5,"column":37}},"2":{"start":{"line":7,"column":2},"end":{"line":7,"column":79}},"3":{"start":{"line":7,"column":17},"end":{"line":7,"column":79}},"4":{"start":{"line":9,"column":2},"end":{"line":9,"column":37}},"5":{"start":{"line":12,"column":32},"end":{"line":43,"column":1}},"6":{"start":{"line":13,"column":21},"end":{"line":13,"column":23}},"7":{"start":{"line":14,"column":18},"end":{"line":14,"column":20}},"8":{"start":{"line":15,"column":2},"end":{"line":28,"column":3}},"9":{"start":{"line":16,"column":4},"end":{"line":24,"column":5}},"10":{"start":{"line":17,"column":20},"end":{"line":17,"column":29}},"11":{"start":{"line":19,"column":6},"end":{"line":23,"column":7}},"12":{"start":{"line":20,"column":25},"end":{"line":20,"column":29}},"13":{"start":{"line":21,"column":8},"end":{"line":21,"column":52}},"14":{"start":{"line":22,"column":8},"end":{"line":22,"column":44}},"15":{"start":{"line":26,"column":4},"end":{"line":26,"column":35}},"16":{"start":{"line":27,"column":4},"end":{"line":27,"column":33}},"17":{"start":{"line":30,"column":2},"end":{"line":42,"column":3}},"18":{"start":{"line":31,"column":19},"end":{"line":36,"column":6}},"19":{"start":{"line":38,"column":4},"end":{"line":38,"column":33}},"20":{"start":{"line":40,"column":4},"end":{"line":40,"column":21}},"21":{"start":{"line":41,"column":4},"end":{"line":41,"column":24}},"22":{"start":{"line":45,"column":27},"end":{"line":55,"column":1}},"23":{"start":{"line":46,"column":2},"end":{"line":47,"column":75}},"24":{"start":{"line":47,"column":4},"end":{"line":47,"column":75}},"25":{"start":{"line":49,"column":18},"end":{"line":49,"column":63}},"26":{"start":{"line":51,"column":2},"end":{"line":52,"column":80}},"27":{"start":{"line":52,"column":4},"end":{"line":52,"column":80}},"28":{"start":{"line":54,"column":2},"end":{"line":54,"column":20}}},"fnMap":{"0":{"name":"(anonymous_0)","decl":{"start":{"line":4,"column":30},"end":{"line":4,"column":31}},"loc":{"start":{"line":4,"column":50},"end":{"line":10,"column":1}},"line":4},"1":{"name":"(anonymous_1)","decl":{"start":{"line":12,"column":32},"end":{"line":12,"column":33}},"loc":{"start":{"line":12,"column":52},"end":{"line":43,"column":1}},"line":12},"2":{"name":"(anonymous_2)","decl":{"start":{"line":45,"column":27},"end":{"line":45,"column":28}},"loc":{"start":{"line":45,"column":47},"end":{"line":55,"column":1}},"line":45}},"branchMap":{"0":{"loc":{"start":{"line":7,"column":2},"end":{"line":7,"column":79}},"type":"if","locations":[{"start":{"line":7,"column":2},"end":{"line":7,"column":79}},{"start":{},"end":{}}],"line":7},"1":{"loc":{"start":{"line":9,"column":11},"end":{"line":9,"column":35}},"type":"cond-expr","locations":[{"start":{"line":9,"column":22},"end":{"line":9,"column":30}},{"start":{"line":9,"column":33},"end":{"line":9,"column":35}}],"line":9},"2":{"loc":{"start":{"line":15,"column":2},"end":{"line":28,"column":3}},"type":"if","locations":[{"start":{"line":15,"column":2},"end":{"line":28,"column":3}},{"start":{"line":25,"column":9},"end":{"line":28,"column":3}}],"line":15},"3":{"loc":{"start":{"line":16,"column":4},"end":{"line":24,"column":5}},"type":"if","locations":[{"start":{"line":16,"column":4},"end":{"line":24,"column":5}},{"start":{},"end":{}}],"line":16},"4":{"loc":{"start":{"line":46,"column":2},"end":{"line":47,"column":75}},"type":"if","locations":[{"start":{"line":46,"column":2},"end":{"line":47,"column":75}},{"start":{},"end":{}}],"line":46},"5":{"loc":{"start":{"line":51,"column":2},"end":{"line":52,"column":80}},"type":"if","locations":[{"start":{"line":51,"column":2},"end":{"line":52,"column":80}},{"start":{},"end":{}}],"line":51}},"s":{"0":1,"1":1,"2":1,"3":0,"4":1,"5":1,"6":1,"7":1,"8":1,"9":0,"10":0,"11":0,"12":0,"13":0,"14":0,"15":1,"16":1,"17":1,"18":1,"19":1,"20":0,"21":0,"22":1,"23":1,"24":0,"25":1,"26":1,"27":0,"28":1},"f":{"0":1,"1":1,"2":1},"b":{"0":[0,1],"1":[1,0],"2":[0,1],"3":[0,0],"4":[0,1],"5":[0,1]},"_coverageSchema":"1a1c01bbd47fc00a2c39e90264f33305004495a9","hash":"39b4e581912008515343a051467876de89be8558"}
,"C:\\Users\\Kwizera\\Documents\\Coding\\node-mybrand-api\\controllers\\queryController.js": {"path":"C:\\Users\\Kwizera\\Documents\\Coding\\node-mybrand-api\\controllers\\queryController.js","statementMap":{"0":{"start":{"line":3,"column":29},"end":{"line":8,"column":1}},"1":{"start":{"line":4,"column":21},"end":{"line":4,"column":39}},"2":{"start":{"line":5,"column":2},"end":{"line":5,"column":80}},"3":{"start":{"line":5,"column":19},"end":{"line":5,"column":80}},"4":{"start":{"line":7,"column":2},"end":{"line":7,"column":23}},"5":{"start":{"line":10,"column":30},"end":{"line":25,"column":1}},"6":{"start":{"line":11,"column":16},"end":{"line":11,"column":26}},"7":{"start":{"line":12,"column":2},"end":{"line":24,"column":3}},"8":{"start":{"line":13,"column":19},"end":{"line":18,"column":6}},"9":{"start":{"line":20,"column":4},"end":{"line":20,"column":21}},"10":{"start":{"line":22,"column":4},"end":{"line":22,"column":21}},"11":{"start":{"line":23,"column":4},"end":{"line":23,"column":20}},"12":{"start":{"line":27,"column":27},"end":{"line":34,"column":1}},"13":{"start":{"line":28,"column":2},"end":{"line":29,"column":66}},"14":{"start":{"line":29,"column":4},"end":{"line":29,"column":66}},"15":{"start":{"line":31,"column":17},"end":{"line":31,"column":62}},"16":{"start":{"line":33,"column":2},"end":{"line":33,"column":19}}},"fnMap":{"0":{"name":"(anonymous_0)","decl":{"start":{"line":3,"column":29},"end":{"line":3,"column":30}},"loc":{"start":{"line":3,"column":49},"end":{"line":8,"column":1}},"line":3},"1":{"name":"(anonymous_1)","decl":{"start":{"line":10,"column":30},"end":{"line":10,"column":31}},"loc":{"start":{"line":10,"column":50},"end":{"line":25,"column":1}},"line":10},"2":{"name":"(anonymous_2)","decl":{"start":{"line":27,"column":27},"end":{"line":27,"column":28}},"loc":{"start":{"line":27,"column":47},"end":{"line":34,"column":1}},"line":27}},"branchMap":{"0":{"loc":{"start":{"line":5,"column":2},"end":{"line":5,"column":80}},"type":"if","locations":[{"start":{"line":5,"column":2},"end":{"line":5,"column":80}},{"start":{},"end":{}}],"line":5},"1":{"loc":{"start":{"line":28,"column":2},"end":{"line":29,"column":66}},"type":"if","locations":[{"start":{"line":28,"column":2},"end":{"line":29,"column":66}},{"start":{},"end":{}}],"line":28}},"s":{"0":1,"1":0,"2":0,"3":0,"4":0,"5":1,"6":1,"7":1,"8":1,"9":1,"10":0,"11":0,"12":1,"13":1,"14":0,"15":1,"16":1},"f":{"0":0,"1":1,"2":1},"b":{"0":[0,0],"1":[0,1]},"_coverageSchema":"1a1c01bbd47fc00a2c39e90264f33305004495a9","hash":"a01b95940d6e06c576ed411acbbf16e63e343810"}
,"C:\\Users\\Kwizera\\Documents\\Coding\\node-mybrand-api\\controllers\\userController.js": {"path":"C:\\Users\\Kwizera\\Documents\\Coding\\node-mybrand-api\\controllers\\userController.js","statementMap":{"0":{"start":{"line":6,"column":35},"end":{"line":21,"column":1}},"1":{"start":{"line":7,"column":2},"end":{"line":20,"column":3}},"2":{"start":{"line":8,"column":22},"end":{"line":8,"column":62}},"3":{"start":{"line":9,"column":19},"end":{"line":14,"column":6}},"4":{"start":{"line":16,"column":4},"end":{"line":16,"column":45}},"5":{"start":{"line":18,"column":4},"end":{"line":18,"column":21}},"6":{"start":{"line":19,"column":4},"end":{"line":19,"column":51}},"7":{"start":{"line":23,"column":34},"end":{"line":54,"column":1}},"8":{"start":{"line":24,"column":16},"end":{"line":33,"column":3}},"9":{"start":{"line":34,"column":18},"end":{"line":34,"column":26}},"10":{"start":{"line":35,"column":2},"end":{"line":35,"column":26}},"11":{"start":{"line":36,"column":15},"end":{"line":36,"column":37}},"12":{"start":{"line":39,"column":2},"end":{"line":44,"column":5}},"13":{"start":{"line":46,"column":2},"end":{"line":53,"column":5}},"14":{"start":{"line":56,"column":28},"end":{"line":76,"column":1}},"15":{"start":{"line":57,"column":22},"end":{"line":57,"column":67}},"16":{"start":{"line":59,"column":2},"end":{"line":59,"column":47}},"17":{"start":{"line":59,"column":20},"end":{"line":59,"column":47}},"18":{"start":{"line":61,"column":2},"end":{"line":61,"column":25}},"19":{"start":{"line":62,"column":17},"end":{"line":62,"column":41}},"20":{"start":{"line":64,"column":2},"end":{"line":68,"column":5}},"21":{"start":{"line":70,"column":2},"end":{"line":74,"column":5}},"22":{"start":{"line":75,"column":2},"end":{"line":75,"column":38}},"23":{"start":{"line":77,"column":24},"end":{"line":83,"column":1}},"24":{"start":{"line":78,"column":16},"end":{"line":78,"column":33}},"25":{"start":{"line":80,"column":2},"end":{"line":80,"column":73}},"26":{"start":{"line":80,"column":14},"end":{"line":80,"column":73}},"27":{"start":{"line":82,"column":2},"end":{"line":82,"column":18}}},"fnMap":{"0":{"name":"(anonymous_0)","decl":{"start":{"line":6,"column":35},"end":{"line":6,"column":36}},"loc":{"start":{"line":6,"column":55},"end":{"line":21,"column":1}},"line":6},"1":{"name":"(anonymous_1)","decl":{"start":{"line":23,"column":34},"end":{"line":23,"column":35}},"loc":{"start":{"line":23,"column":54},"end":{"line":54,"column":1}},"line":23},"2":{"name":"(anonymous_2)","decl":{"start":{"line":56,"column":28},"end":{"line":56,"column":29}},"loc":{"start":{"line":56,"column":48},"end":{"line":76,"column":1}},"line":56},"3":{"name":"(anonymous_3)","decl":{"start":{"line":77,"column":24},"end":{"line":77,"column":25}},"loc":{"start":{"line":77,"column":44},"end":{"line":83,"column":1}},"line":77}},"branchMap":{"0":{"loc":{"start":{"line":59,"column":2},"end":{"line":59,"column":47}},"type":"if","locations":[{"start":{"line":59,"column":2},"end":{"line":59,"column":47}},{"start":{},"end":{}}],"line":59},"1":{"loc":{"start":{"line":80,"column":2},"end":{"line":80,"column":73}},"type":"if","locations":[{"start":{"line":80,"column":2},"end":{"line":80,"column":73}},{"start":{},"end":{}}],"line":80}},"s":{"0":1,"1":1,"2":1,"3":1,"4":1,"5":0,"6":0,"7":1,"8":1,"9":1,"10":1,"11":1,"12":1,"13":1,"14":1,"15":1,"16":1,"17":0,"18":1,"19":1,"20":1,"21":1,"22":1,"23":1,"24":1,"25":1,"26":0,"27":1},"f":{"0":1,"1":1,"2":1,"3":1},"b":{"0":[0,1],"1":[0,1]},"_coverageSchema":"1a1c01bbd47fc00a2c39e90264f33305004495a9","hash":"c627d9565d4f937462324866b0a28ec57cdeb56d"}
,"C:\\Users\\Kwizera\\Documents\\Coding\\node-mybrand-api\\middleware\\authVerifyMiddleWare.js": {"path":"C:\\Users\\Kwizera\\Documents\\Coding\\node-mybrand-api\\middleware\\authVerifyMiddleWare.js","statementMap":{"0":{"start":{"line":4,"column":31},"end":{"line":22,"column":1}},"1":{"start":{"line":5,"column":2},"end":{"line":7,"column":3}},"2":{"start":{"line":6,"column":4},"end":{"line":6,"column":69}},"3":{"start":{"line":9,"column":16},"end":{"line":11,"column":28}},"4":{"start":{"line":13,"column":2},"end":{"line":13,"column":76}},"5":{"start":{"line":13,"column":14},"end":{"line":13,"column":76}},"6":{"start":{"line":15,"column":2},"end":{"line":21,"column":3}},"7":{"start":{"line":16,"column":20},"end":{"line":16,"column":61}},"8":{"start":{"line":17,"column":4},"end":{"line":17,"column":32}},"9":{"start":{"line":18,"column":4},"end":{"line":18,"column":11}},"10":{"start":{"line":20,"column":4},"end":{"line":20,"column":55}}},"fnMap":{"0":{"name":"(anonymous_0)","decl":{"start":{"line":4,"column":31},"end":{"line":4,"column":32}},"loc":{"start":{"line":4,"column":51},"end":{"line":22,"column":1}},"line":4}},"branchMap":{"0":{"loc":{"start":{"line":5,"column":2},"end":{"line":7,"column":3}},"type":"if","locations":[{"start":{"line":5,"column":2},"end":{"line":7,"column":3}},{"start":{},"end":{}}],"line":5},"1":{"loc":{"start":{"line":5,"column":6},"end":{"line":5,"column":59}},"type":"binary-expr","locations":[{"start":{"line":5,"column":6},"end":{"line":5,"column":32}},{"start":{"line":5,"column":36},"end":{"line":5,"column":59}}],"line":5},"2":{"loc":{"start":{"line":9,"column":16},"end":{"line":11,"column":28}},"type":"cond-expr","locations":[{"start":{"line":10,"column":6},"end":{"line":10,"column":48}},{"start":{"line":11,"column":6},"end":{"line":11,"column":28}}],"line":9},"3":{"loc":{"start":{"line":13,"column":2},"end":{"line":13,"column":76}},"type":"if","locations":[{"start":{"line":13,"column":2},"end":{"line":13,"column":76}},{"start":{},"end":{}}],"line":13}},"s":{"0":1,"1":14,"2":0,"3":14,"4":14,"5":0,"6":14,"7":14,"8":14,"9":14,"10":0},"f":{"0":14},"b":{"0":[0,14],"1":[14,0],"2":[14,0],"3":[0,14]},"_coverageSchema":"1a1c01bbd47fc00a2c39e90264f33305004495a9","hash":"17eb9c6022891968109d09e1da9596240d621d38"}
,"C:\\Users\\Kwizera\\Documents\\Coding\\node-mybrand-api\\middleware\\validationMiddleWare.js": {"path":"C:\\Users\\Kwizera\\Documents\\Coding\\node-mybrand-api\\middleware\\validationMiddleWare.js","statementMap":{"0":{"start":{"line":3,"column":24},"end":{"line":11,"column":1}},"1":{"start":{"line":3,"column":36},"end":{"line":11,"column":1}},"2":{"start":{"line":4,"column":20},"end":{"line":4,"column":45}},"3":{"start":{"line":5,"column":2},"end":{"line":10,"column":3}},"4":{"start":{"line":6,"column":4},"end":{"line":6,"column":64}},"5":{"start":{"line":9,"column":4},"end":{"line":9,"column":11}}},"fnMap":{"0":{"name":"(anonymous_0)","decl":{"start":{"line":3,"column":24},"end":{"line":3,"column":25}},"loc":{"start":{"line":3,"column":36},"end":{"line":11,"column":1}},"line":3},"1":{"name":"(anonymous_1)","decl":{"start":{"line":3,"column":36},"end":{"line":3,"column":37}},"loc":{"start":{"line":3,"column":56},"end":{"line":11,"column":1}},"line":3}},"branchMap":{"0":{"loc":{"start":{"line":5,"column":2},"end":{"line":10,"column":3}},"type":"if","locations":[{"start":{"line":5,"column":2},"end":{"line":10,"column":3}},{"start":{"line":8,"column":9},"end":{"line":10,"column":3}}],"line":5}},"s":{"0":1,"1":7,"2":7,"3":7,"4":0,"5":7},"f":{"0":7,"1":7},"b":{"0":[0,7]},"_coverageSchema":"1a1c01bbd47fc00a2c39e90264f33305004495a9","hash":"b60988e9b5d5f610f79e5e75c703c177e315fb45"}
,"C:\\Users\\Kwizera\\Documents\\Coding\\node-mybrand-api\\model\\Blog.js": {"path":"C:\\Users\\Kwizera\\Documents\\Coding\\node-mybrand-api\\model\\Blog.js","statementMap":{"0":{"start":{"line":3,"column":19},"end":{"line":33,"column":2}},"1":{"start":{"line":35,"column":14},"end":{"line":35,"column":48}},"2":{"start":{"line":37,"column":22},"end":{"line":37,"column":34}}},"fnMap":{},"branchMap":{},"s":{"0":1,"1":1,"2":1},"f":{},"b":{},"_coverageSchema":"1a1c01bbd47fc00a2c39e90264f33305004495a9","hash":"3a544881e003fb2a05ac2d31d0e0e44172423f06"}
,"C:\\Users\\Kwizera\\Documents\\Coding\\node-mybrand-api\\model\\Comment.js": {"path":"C:\\Users\\Kwizera\\Documents\\Coding\\node-mybrand-api\\model\\Comment.js","statementMap":{"0":{"start":{"line":2,"column":22},"end":{"line":23,"column":2}},"1":{"start":{"line":25,"column":14},"end":{"line":25,"column":54}},"2":{"start":{"line":26,"column":22},"end":{"line":26,"column":34}}},"fnMap":{},"branchMap":{},"s":{"0":1,"1":1,"2":1},"f":{},"b":{},"_coverageSchema":"1a1c01bbd47fc00a2c39e90264f33305004495a9","hash":"2276204e59c91887ea28ddb8df4417a8be5eddd2"}
,"C:\\Users\\Kwizera\\Documents\\Coding\\node-mybrand-api\\model\\Project.js": {"path":"C:\\Users\\Kwizera\\Documents\\Coding\\node-mybrand-api\\model\\Project.js","statementMap":{"0":{"start":{"line":2,"column":22},"end":{"line":19,"column":2}},"1":{"start":{"line":21,"column":14},"end":{"line":21,"column":54}},"2":{"start":{"line":22,"column":22},"end":{"line":22,"column":34}}},"fnMap":{},"branchMap":{},"s":{"0":1,"1":1,"2":1},"f":{},"b":{},"_coverageSchema":"1a1c01bbd47fc00a2c39e90264f33305004495a9","hash":"a35b927a0260b5f88b05ed78e3ebd5f3633993db"}
,"C:\\Users\\Kwizera\\Documents\\Coding\\node-mybrand-api\\model\\Query.js": {"path":"C:\\Users\\Kwizera\\Documents\\Coding\\node-mybrand-api\\model\\Query.js","statementMap":{"0":{"start":{"line":3,"column":20},"end":{"line":20,"column":2}},"1":{"start":{"line":22,"column":14},"end":{"line":22,"column":50}},"2":{"start":{"line":23,"column":22},"end":{"line":23,"column":34}}},"fnMap":{},"branchMap":{},"s":{"0":1,"1":1,"2":1},"f":{},"b":{},"_coverageSchema":"1a1c01bbd47fc00a2c39e90264f33305004495a9","hash":"e5b72f4d4121b4ee0f49ee9a7adcb61bc01422e6"}
,"C:\\Users\\Kwizera\\Documents\\Coding\\node-mybrand-api\\model\\User.js": {"path":"C:\\Users\\Kwizera\\Documents\\Coding\\node-mybrand-api\\model\\User.js","statementMap":{"0":{"start":{"line":3,"column":19},"end":{"line":17,"column":2}},"1":{"start":{"line":19,"column":14},"end":{"line":19,"column":48}},"2":{"start":{"line":21,"column":22},"end":{"line":21,"column":34}}},"fnMap":{},"branchMap":{},"s":{"0":1,"1":1,"2":1},"f":{},"b":{},"_coverageSchema":"1a1c01bbd47fc00a2c39e90264f33305004495a9","hash":"f735f0dc2970d4ddc0a734492eb31a49c17cd59e"}
,"C:\\Users\\Kwizera\\Documents\\Coding\\node-mybrand-api\\routes\\api\\blog_routes.js": {"path":"C:\\Users\\Kwizera\\Documents\\Coding\\node-mybrand-api\\routes\\api\\blog_routes.js","statementMap":{"0":{"start":{"line":21,"column":15},"end":{"line":21,"column":43}},"1":{"start":{"line":23,"column":15},"end":{"line":23,"column":31}},"2":{"start":{"line":25,"column":0},"end":{"line":31,"column":4}},"3":{"start":{"line":33,"column":0},"end":{"line":33,"column":53}},"4":{"start":{"line":35,"column":0},"end":{"line":38,"column":37}},"5":{"start":{"line":40,"column":0},"end":{"line":40,"column":58}},"6":{"start":{"line":42,"column":0},"end":{"line":49,"column":39}}},"fnMap":{},"branchMap":{},"s":{"0":1,"1":1,"2":1,"3":1,"4":1,"5":1,"6":1},"f":{},"b":{},"_coverageSchema":"1a1c01bbd47fc00a2c39e90264f33305004495a9","hash":"123e4e0f7533a47f77a29d7c3ebf19039b58f81f"}
,"C:\\Users\\Kwizera\\Documents\\Coding\\node-mybrand-api\\routes\\api\\comment_routes.js": {"path":"C:\\Users\\Kwizera\\Documents\\Coding\\node-mybrand-api\\routes\\api\\comment_routes.js","statementMap":{"0":{"start":{"line":9,"column":15},"end":{"line":9,"column":31}},"1":{"start":{"line":149,"column":0},"end":{"line":149,"column":55}},"2":{"start":{"line":151,"column":0},"end":{"line":151,"column":62}},"3":{"start":{"line":153,"column":0},"end":{"line":153,"column":65}},"4":{"start":{"line":155,"column":0},"end":{"line":155,"column":61}}},"fnMap":{},"branchMap":{},"s":{"0":1,"1":1,"2":1,"3":1,"4":1},"f":{},"b":{},"_coverageSchema":"1a1c01bbd47fc00a2c39e90264f33305004495a9","hash":"057d81be8009180acf5628d82c953e27de993272"}
,"C:\\Users\\Kwizera\\Documents\\Coding\\node-mybrand-api\\routes\\api\\project_routes.js": {"path":"C:\\Users\\Kwizera\\Documents\\Coding\\node-mybrand-api\\routes\\api\\project_routes.js","statementMap":{"0":{"start":{"line":13,"column":16},"end":{"line":24,"column":2}},"1":{"start":{"line":15,"column":4},"end":{"line":15,"column":25}},"2":{"start":{"line":19,"column":4},"end":{"line":22,"column":6}},"3":{"start":{"line":26,"column":15},"end":{"line":26,"column":43}},"4":{"start":{"line":28,"column":15},"end":{"line":28,"column":31}},"5":{"start":{"line":30,"column":0},"end":{"line":36,"column":4}},"6":{"start":{"line":38,"column":0},"end":{"line":38,"column":38}}},"fnMap":{"0":{"name":"(anonymous_0)","decl":{"start":{"line":14,"column":15},"end":{"line":14,"column":16}},"loc":{"start":{"line":14,"column":40},"end":{"line":16,"column":3}},"line":14},"1":{"name":"(anonymous_1)","decl":{"start":{"line":18,"column":12},"end":{"line":18,"column":13}},"loc":{"start":{"line":18,"column":37},"end":{"line":23,"column":3}},"line":18}},"branchMap":{},"s":{"0":1,"1":0,"2":0,"3":1,"4":1,"5":1,"6":1},"f":{"0":0,"1":0},"b":{},"_coverageSchema":"1a1c01bbd47fc00a2c39e90264f33305004495a9","hash":"d844edf4a34f29580c4abe0625bd3c5dea4bcfe4"}
,"C:\\Users\\Kwizera\\Documents\\Coding\\node-mybrand-api\\routes\\api\\queries_routes.js": {"path":"C:\\Users\\Kwizera\\Documents\\Coding\\node-mybrand-api\\routes\\api\\queries_routes.js","statementMap":{"0":{"start":{"line":11,"column":15},"end":{"line":11,"column":31}},"1":{"start":{"line":126,"column":0},"end":{"line":129,"column":48}},"2":{"start":{"line":131,"column":0},"end":{"line":131,"column":58}}},"fnMap":{},"branchMap":{},"s":{"0":1,"1":1,"2":1},"f":{},"b":{},"_coverageSchema":"1a1c01bbd47fc00a2c39e90264f33305004495a9","hash":"f151f1af53a07d05f16c752b5152e3d662e13037"}
,"C:\\Users\\Kwizera\\Documents\\Coding\\node-mybrand-api\\routes\\api\\user_routes.js": {"path":"C:\\Users\\Kwizera\\Documents\\Coding\\node-mybrand-api\\routes\\api\\user_routes.js","statementMap":{"0":{"start":{"line":13,"column":15},"end":{"line":13,"column":31}},"1":{"start":{"line":15,"column":0},"end":{"line":15,"column":49}},"2":{"start":{"line":16,"column":0},"end":{"line":24,"column":4}},"3":{"start":{"line":165,"column":0},"end":{"line":173,"column":4}},"4":{"start":{"line":174,"column":0},"end":{"line":174,"column":59}}},"fnMap":{},"branchMap":{},"s":{"0":1,"1":1,"2":1,"3":1,"4":1},"f":{},"b":{},"_coverageSchema":"1a1c01bbd47fc00a2c39e90264f33305004495a9","hash":"6fcb52adc0b0eb10de5045ab62266718861c6d9a"}
}
