{"C:\\Users\\Kwizera\\Documents\\Coding\\node-mybrand-api\\server.js": {"path":"C:\\Users\\Kwizera\\Documents\\Coding\\node-mybrand-api\\server.js","statementMap":{"0":{"start":{"line":2,"column":0},"end":{"line":2,"column":16}},"1":{"start":{"line":12,"column":19},"end":{"line":12,"column":28}},"2":{"start":{"line":13,"column":0},"end":{"line":20,"column":2}},"3":{"start":{"line":22,"column":0},"end":{"line":22,"column":12}},"4":{"start":{"line":24,"column":0},"end":{"line":24,"column":24}},"5":{"start":{"line":25,"column":0},"end":{"line":25,"column":48}},"6":{"start":{"line":27,"column":0},"end":{"line":27,"column":31}},"7":{"start":{"line":28,"column":0},"end":{"line":28,"column":28}},"8":{"start":{"line":29,"column":0},"end":{"line":29,"column":38}},"9":{"start":{"line":30,"column":0},"end":{"line":30,"column":37}},"10":{"start":{"line":32,"column":0},"end":{"line":32,"column":31}},"11":{"start":{"line":33,"column":0},"end":{"line":33,"column":31}},"12":{"start":{"line":34,"column":0},"end":{"line":34,"column":34}}},"fnMap":{},"branchMap":{},"s":{"0":1,"1":1,"2":1,"3":1,"4":1,"5":1,"6":1,"7":1,"8":1,"9":1,"10":1,"11":1,"12":1},"f":{},"b":{},"_coverageSchema":"1a1c01bbd47fc00a2c39e90264f33305004495a9","hash":"e47171560f95ff9c077be44df334aa1171c66eba"}
,"C:\\Users\\Kwizera\\Documents\\Coding\\node-mybrand-api\\config\\cloudinaryUpload.js": {"path":"C:\\Users\\Kwizera\\Documents\\Coding\\node-mybrand-api\\config\\cloudinaryUpload.js","statementMap":{"0":{"start":{"line":2,"column":0},"end":{"line":2,"column":16}},"1":{"start":{"line":8,"column":0},"end":{"line":12,"column":3}},"2":{"start":{"line":14,"column":32},"end":{"line":42,"column":1}},"3":{"start":{"line":18,"column":23},"end":{"line":18,"column":41}},"4":{"start":{"line":21,"column":29},"end":{"line":21,"column":64}},"5":{"start":{"line":23,"column":2},"end":{"line":41,"column":7}},"6":{"start":{"line":30,"column":6},"end":{"line":30,"column":34}},"7":{"start":{"line":32,"column":6},"end":{"line":35,"column":8}},"8":{"start":{"line":39,"column":6},"end":{"line":39,"column":34}},"9":{"start":{"line":40,"column":6},"end":{"line":40,"column":33}}},"fnMap":{"0":{"name":"(anonymous_0)","decl":{"start":{"line":14,"column":32},"end":{"line":14,"column":33}},"loc":{"start":{"line":14,"column":56},"end":{"line":42,"column":1}},"line":14},"1":{"name":"(anonymous_1)","decl":{"start":{"line":25,"column":10},"end":{"line":25,"column":11}},"loc":{"start":{"line":25,"column":22},"end":{"line":36,"column":5}},"line":25},"2":{"name":"(anonymous_2)","decl":{"start":{"line":37,"column":11},"end":{"line":37,"column":12}},"loc":{"start":{"line":37,"column":22},"end":{"line":41,"column":5}},"line":37}},"branchMap":{},"s":{"0":1,"1":1,"2":1,"3":0,"4":0,"5":0,"6":0,"7":0,"8":0,"9":0},"f":{"0":0,"1":0,"2":0},"b":{},"_coverageSchema":"1a1c01bbd47fc00a2c39e90264f33305004495a9","hash":"811f946189fe5482f9de133edad2c487eb16fa45"}
,"C:\\Users\\Kwizera\\Documents\\Coding\\node-mybrand-api\\config\\connectDB.js": {"path":"C:\\Users\\Kwizera\\Documents\\Coding\\node-mybrand-api\\config\\connectDB.js","statementMap":{"0":{"start":{"line":3,"column":0},"end":{"line":3,"column":35}},"1":{"start":{"line":4,"column":18},"end":{"line":14,"column":1}},"2":{"start":{"line":5,"column":2},"end":{"line":13,"column":3}},"3":{"start":{"line":6,"column":4},"end":{"line":10,"column":7}},"4":{"start":{"line":12,"column":4},"end":{"line":12,"column":21}}},"fnMap":{"0":{"name":"(anonymous_0)","decl":{"start":{"line":4,"column":18},"end":{"line":4,"column":19}},"loc":{"start":{"line":4,"column":30},"end":{"line":14,"column":1}},"line":4}},"branchMap":{},"s":{"0":1,"1":1,"2":1,"3":1,"4":0},"f":{"0":1},"b":{},"_coverageSchema":"1a1c01bbd47fc00a2c39e90264f33305004495a9","hash":"9921a20b3d24edefb34c14e15d2f8a8bcde5c50e"}
,"C:\\Users\\Kwizera\\Documents\\Coding\\node-mybrand-api\\config\\passportConfig.js": {"path":"C:\\Users\\Kwizera\\Documents\\Coding\\node-mybrand-api\\config\\passportConfig.js","statementMap":{"0":{"start":{"line":5,"column":22},"end":{"line":5,"column":44}},"1":{"start":{"line":7,"column":31},"end":{"line":32,"column":1}},"2":{"start":{"line":8,"column":2},"end":{"line":31,"column":4}},"3":{"start":{"line":17,"column":8},"end":{"line":28,"column":9}},"4":{"start":{"line":19,"column":29},"end":{"line":19,"column":65}},"5":{"start":{"line":20,"column":10},"end":{"line":22,"column":11}},"6":{"start":{"line":21,"column":12},"end":{"line":21,"column":37}},"7":{"start":{"line":24,"column":23},"end":{"line":24,"column":31}},"8":{"start":{"line":25,"column":10},"end":{"line":25,"column":34}},"9":{"start":{"line":27,"column":10},"end":{"line":27,"column":22}},"10":{"start":{"line":34,"column":30},"end":{"line":53,"column":1}},"11":{"start":{"line":35,"column":2},"end":{"line":52,"column":4}},"12":{"start":{"line":43,"column":21},"end":{"line":43,"column":57}},"13":{"start":{"line":44,"column":8},"end":{"line":44,"column":44}},"14":{"start":{"line":44,"column":19},"end":{"line":44,"column":44}},"15":{"start":{"line":46,"column":20},"end":{"line":46,"column":65}},"16":{"start":{"line":47,"column":8},"end":{"line":47,"column":45}},"17":{"start":{"line":47,"column":20},"end":{"line":47,"column":45}},"18":{"start":{"line":49,"column":8},"end":{"line":49,"column":32}}},"fnMap":{"0":{"name":"(anonymous_0)","decl":{"start":{"line":7,"column":31},"end":{"line":7,"column":32}},"loc":{"start":{"line":7,"column":45},"end":{"line":32,"column":1}},"line":7},"1":{"name":"(anonymous_1)","decl":{"start":{"line":16,"column":6},"end":{"line":16,"column":7}},"loc":{"start":{"line":16,"column":44},"end":{"line":29,"column":7}},"line":16},"2":{"name":"(anonymous_2)","decl":{"start":{"line":34,"column":30},"end":{"line":34,"column":31}},"loc":{"start":{"line":34,"column":44},"end":{"line":53,"column":1}},"line":34},"3":{"name":"(anonymous_3)","decl":{"start":{"line":42,"column":6},"end":{"line":42,"column":7}},"loc":{"start":{"line":42,"column":39},"end":{"line":50,"column":7}},"line":42}},"branchMap":{"0":{"loc":{"start":{"line":20,"column":10},"end":{"line":22,"column":11}},"type":"if","locations":[{"start":{"line":20,"column":10},"end":{"line":22,"column":11}},{"start":{},"end":{}}],"line":20},"1":{"loc":{"start":{"line":44,"column":8},"end":{"line":44,"column":44}},"type":"if","locations":[{"start":{"line":44,"column":8},"end":{"line":44,"column":44}},{"start":{},"end":{}}],"line":44},"2":{"loc":{"start":{"line":47,"column":8},"end":{"line":47,"column":45}},"type":"if","locations":[{"start":{"line":47,"column":8},"end":{"line":47,"column":45}},{"start":{},"end":{}}],"line":47}},"s":{"0":1,"1":1,"2":1,"3":1,"4":1,"5":1,"6":0,"7":1,"8":1,"9":0,"10":1,"11":1,"12":1,"13":1,"14":0,"15":1,"16":1,"17":0,"18":1},"f":{"0":1,"1":1,"2":1,"3":1},"b":{"0":[0,1],"1":[0,1],"2":[0,1]},"_coverageSchema":"1a1c01bbd47fc00a2c39e90264f33305004495a9","hash":"0c96e5a780a1af537bae78199f70dfb9443bcd38"}
,"C:\\Users\\Kwizera\\Documents\\Coding\\node-mybrand-api\\config\\validation.js": {"path":"C:\\Users\\Kwizera\\Documents\\Coding\\node-mybrand-api\\config\\validation.js","statementMap":{"0":{"start":{"line":3,"column":29},"end":{"line":11,"column":2}},"1":{"start":{"line":13,"column":28},"end":{"line":16,"column":2}},"2":{"start":{"line":18,"column":27},"end":{"line":23,"column":2}},"3":{"start":{"line":25,"column":28},"end":{"line":33,"column":2}},"4":{"start":{"line":34,"column":30},"end":{"line":36,"column":2}}},"fnMap":{},"branchMap":{},"s":{"0":1,"1":1,"2":1,"3":1,"4":1},"f":{},"b":{},"_coverageSchema":"1a1c01bbd47fc00a2c39e90264f33305004495a9","hash":"3ebcd5417f91dddb28c9df3d85a076ee3c5b8d93"}
,"C:\\Users\\Kwizera\\Documents\\Coding\\node-mybrand-api\\controllers\\blogsController.js": {"path":"C:\\Users\\Kwizera\\Documents\\Coding\\node-mybrand-api\\controllers\\blogsController.js","statementMap":{"0":{"start":{"line":4,"column":27},"end":{"line":23,"column":1}},"1":{"start":{"line":5,"column":16},"end":{"line":5,"column":33}},"2":{"start":{"line":6,"column":2},"end":{"line":6,"column":73}},"3":{"start":{"line":6,"column":14},"end":{"line":6,"column":73}},"4":{"start":{"line":8,"column":27},"end":{"line":8,"column":29}},"5":{"start":{"line":10,"column":2},"end":{"line":20,"column":3}},"6":{"start":{"line":11,"column":15},"end":{"line":18,"column":5}},"7":{"start":{"line":19,"column":4},"end":{"line":19,"column":34}},"8":{"start":{"line":22,"column":2},"end":{"line":22,"column":18}},"9":{"start":{"line":25,"column":29},"end":{"line":51,"column":1}},"10":{"start":{"line":31,"column":18},"end":{"line":31,"column":60}},"11":{"start":{"line":33,"column":23},"end":{"line":35,"column":21}},"12":{"start":{"line":37,"column":2},"end":{"line":50,"column":3}},"13":{"start":{"line":38,"column":19},"end":{"line":44,"column":6}},"14":{"start":{"line":46,"column":4},"end":{"line":46,"column":33}},"15":{"start":{"line":48,"column":4},"end":{"line":48,"column":21}},"16":{"start":{"line":49,"column":4},"end":{"line":49,"column":24}},"17":{"start":{"line":53,"column":26},"end":{"line":72,"column":1}},"18":{"start":{"line":54,"column":2},"end":{"line":55,"column":65}},"19":{"start":{"line":55,"column":4},"end":{"line":55,"column":65}},"20":{"start":{"line":56,"column":15},"end":{"line":56,"column":57}},"21":{"start":{"line":58,"column":2},"end":{"line":59,"column":77}},"22":{"start":{"line":59,"column":4},"end":{"line":59,"column":77}},"23":{"start":{"line":60,"column":2},"end":{"line":60,"column":52}},"24":{"start":{"line":60,"column":24},"end":{"line":60,"column":52}},"25":{"start":{"line":61,"column":2},"end":{"line":61,"column":55}},"26":{"start":{"line":61,"column":25},"end":{"line":61,"column":55}},"27":{"start":{"line":62,"column":2},"end":{"line":62,"column":49}},"28":{"start":{"line":62,"column":23},"end":{"line":62,"column":49}},"29":{"start":{"line":63,"column":2},"end":{"line":68,"column":3}},"30":{"start":{"line":64,"column":20},"end":{"line":64,"column":33}},"31":{"start":{"line":65,"column":4},"end":{"line":65,"column":27}},"32":{"start":{"line":66,"column":25},"end":{"line":66,"column":58}},"33":{"start":{"line":67,"column":4},"end":{"line":67,"column":34}},"34":{"start":{"line":70,"column":17},"end":{"line":70,"column":34}},"35":{"start":{"line":71,"column":2},"end":{"line":71,"column":19}},"36":{"start":{"line":74,"column":24},"end":{"line":84,"column":1}},"37":{"start":{"line":75,"column":2},"end":{"line":76,"column":72}},"38":{"start":{"line":76,"column":4},"end":{"line":76,"column":72}},"39":{"start":{"line":78,"column":15},"end":{"line":78,"column":57}},"40":{"start":{"line":80,"column":2},"end":{"line":81,"column":77}},"41":{"start":{"line":81,"column":4},"end":{"line":81,"column":77}},"42":{"start":{"line":83,"column":2},"end":{"line":83,"column":17}},"43":{"start":{"line":86,"column":26},"end":{"line":97,"column":1}},"44":{"start":{"line":87,"column":2},"end":{"line":88,"column":72}},"45":{"start":{"line":88,"column":4},"end":{"line":88,"column":72}},"46":{"start":{"line":90,"column":15},"end":{"line":90,"column":57}},"47":{"start":{"line":92,"column":2},"end":{"line":93,"column":77}},"48":{"start":{"line":93,"column":4},"end":{"line":93,"column":77}},"49":{"start":{"line":95,"column":17},"end":{"line":95,"column":61}},"50":{"start":{"line":96,"column":2},"end":{"line":96,"column":19}},"51":{"start":{"line":99,"column":24},"end":{"line":129,"column":1}},"52":{"start":{"line":100,"column":2},"end":{"line":101,"column":72}},"53":{"start":{"line":101,"column":4},"end":{"line":101,"column":72}},"54":{"start":{"line":103,"column":15},"end":{"line":103,"column":57}},"55":{"start":{"line":105,"column":2},"end":{"line":105,"column":72}},"56":{"start":{"line":105,"column":13},"end":{"line":105,"column":72}},"57":{"start":{"line":107,"column":16},"end":{"line":107,"column":26}},"58":{"start":{"line":108,"column":16},"end":{"line":111,"column":3}},"59":{"start":{"line":113,"column":17},"end":{"line":113,"column":32}},"60":{"start":{"line":114,"column":19},"end":{"line":114,"column":72}},"61":{"start":{"line":114,"column":43},"end":{"line":114,"column":71}},"62":{"start":{"line":116,"column":2},"end":{"line":120,"column":3}},"63":{"start":{"line":117,"column":4},"end":{"line":117,"column":29}},"64":{"start":{"line":118,"column":4},"end":{"line":118,"column":16}},"65":{"start":{"line":119,"column":4},"end":{"line":119,"column":52}},"66":{"start":{"line":122,"column":14},"end":{"line":122,"column":45}},"67":{"start":{"line":123,"column":2},"end":{"line":123,"column":28}},"68":{"start":{"line":125,"column":2},"end":{"line":125,"column":18}},"69":{"start":{"line":126,"column":2},"end":{"line":126,"column":29}},"70":{"start":{"line":127,"column":2},"end":{"line":127,"column":14}},"71":{"start":{"line":128,"column":2},"end":{"line":128,"column":47}}},"fnMap":{"0":{"name":"(anonymous_0)","decl":{"start":{"line":4,"column":27},"end":{"line":4,"column":28}},"loc":{"start":{"line":4,"column":47},"end":{"line":23,"column":1}},"line":4},"1":{"name":"(anonymous_1)","decl":{"start":{"line":25,"column":29},"end":{"line":25,"column":30}},"loc":{"start":{"line":25,"column":49},"end":{"line":51,"column":1}},"line":25},"2":{"name":"(anonymous_2)","decl":{"start":{"line":53,"column":26},"end":{"line":53,"column":27}},"loc":{"start":{"line":53,"column":46},"end":{"line":72,"column":1}},"line":53},"3":{"name":"(anonymous_3)","decl":{"start":{"line":74,"column":24},"end":{"line":74,"column":25}},"loc":{"start":{"line":74,"column":44},"end":{"line":84,"column":1}},"line":74},"4":{"name":"(anonymous_4)","decl":{"start":{"line":86,"column":26},"end":{"line":86,"column":27}},"loc":{"start":{"line":86,"column":46},"end":{"line":97,"column":1}},"line":86},"5":{"name":"(anonymous_5)","decl":{"start":{"line":99,"column":24},"end":{"line":99,"column":25}},"loc":{"start":{"line":99,"column":44},"end":{"line":129,"column":1}},"line":99},"6":{"name":"(anonymous_6)","decl":{"start":{"line":114,"column":33},"end":{"line":114,"column":34}},"loc":{"start":{"line":114,"column":43},"end":{"line":114,"column":71}},"line":114}},"branchMap":{"0":{"loc":{"start":{"line":6,"column":2},"end":{"line":6,"column":73}},"type":"if","locations":[{"start":{"line":6,"column":2},"end":{"line":6,"column":73}},{"start":{},"end":{}}],"line":6},"1":{"loc":{"start":{"line":31,"column":18},"end":{"line":31,"column":60}},"type":"cond-expr","locations":[{"start":{"line":31,"column":42},"end":{"line":31,"column":55}},{"start":{"line":31,"column":58},"end":{"line":31,"column":60}}],"line":31},"2":{"loc":{"start":{"line":33,"column":23},"end":{"line":35,"column":21}},"type":"cond-expr","locations":[{"start":{"line":34,"column":6},"end":{"line":34,"column":39}},{"start":{"line":35,"column":6},"end":{"line":35,"column":21}}],"line":33},"3":{"loc":{"start":{"line":54,"column":2},"end":{"line":55,"column":65}},"type":"if","locations":[{"start":{"line":54,"column":2},"end":{"line":55,"column":65}},{"start":{},"end":{}}],"line":54},"4":{"loc":{"start":{"line":58,"column":2},"end":{"line":59,"column":77}},"type":"if","locations":[{"start":{"line":58,"column":2},"end":{"line":59,"column":77}},{"start":{},"end":{}}],"line":58},"5":{"loc":{"start":{"line":60,"column":2},"end":{"line":60,"column":52}},"type":"if","locations":[{"start":{"line":60,"column":2},"end":{"line":60,"column":52}},{"start":{},"end":{}}],"line":60},"6":{"loc":{"start":{"line":61,"column":2},"end":{"line":61,"column":55}},"type":"if","locations":[{"start":{"line":61,"column":2},"end":{"line":61,"column":55}},{"start":{},"end":{}}],"line":61},"7":{"loc":{"start":{"line":62,"column":2},"end":{"line":62,"column":49}},"type":"if","locations":[{"start":{"line":62,"column":2},"end":{"line":62,"column":49}},{"start":{},"end":{}}],"line":62},"8":{"loc":{"start":{"line":63,"column":2},"end":{"line":68,"column":3}},"type":"if","locations":[{"start":{"line":63,"column":2},"end":{"line":68,"column":3}},{"start":{},"end":{}}],"line":63},"9":{"loc":{"start":{"line":75,"column":2},"end":{"line":76,"column":72}},"type":"if","locations":[{"start":{"line":75,"column":2},"end":{"line":76,"column":72}},{"start":{},"end":{}}],"line":75},"10":{"loc":{"start":{"line":80,"column":2},"end":{"line":81,"column":77}},"type":"if","locations":[{"start":{"line":80,"column":2},"end":{"line":81,"column":77}},{"start":{},"end":{}}],"line":80},"11":{"loc":{"start":{"line":87,"column":2},"end":{"line":88,"column":72}},"type":"if","locations":[{"start":{"line":87,"column":2},"end":{"line":88,"column":72}},{"start":{},"end":{}}],"line":87},"12":{"loc":{"start":{"line":92,"column":2},"end":{"line":93,"column":77}},"type":"if","locations":[{"start":{"line":92,"column":2},"end":{"line":93,"column":77}},{"start":{},"end":{}}],"line":92},"13":{"loc":{"start":{"line":100,"column":2},"end":{"line":101,"column":72}},"type":"if","locations":[{"start":{"line":100,"column":2},"end":{"line":101,"column":72}},{"start":{},"end":{}}],"line":100},"14":{"loc":{"start":{"line":105,"column":2},"end":{"line":105,"column":72}},"type":"if","locations":[{"start":{"line":105,"column":2},"end":{"line":105,"column":72}},{"start":{},"end":{}}],"line":105},"15":{"loc":{"start":{"line":116,"column":2},"end":{"line":120,"column":3}},"type":"if","locations":[{"start":{"line":116,"column":2},"end":{"line":120,"column":3}},{"start":{},"end":{}}],"line":116}},"s":{"0":1,"1":1,"2":1,"3":0,"4":1,"5":1,"6":1,"7":1,"8":1,"9":1,"10":1,"11":1,"12":1,"13":1,"14":1,"15":0,"16":0,"17":1,"18":0,"19":0,"20":0,"21":0,"22":0,"23":0,"24":0,"25":0,"26":0,"27":0,"28":0,"29":0,"30":0,"31":0,"32":0,"33":0,"34":0,"35":0,"36":1,"37":1,"38":0,"39":1,"40":1,"41":0,"42":1,"43":1,"44":1,"45":0,"46":1,"47":1,"48":0,"49":1,"50":1,"51":1,"52":1,"53":0,"54":1,"55":1,"56":0,"57":1,"58":1,"59":1,"60":1,"61":0,"62":1,"63":1,"64":1,"65":1,"66":0,"67":0,"68":0,"69":0,"70":0,"71":0},"f":{"0":1,"1":1,"2":0,"3":1,"4":1,"5":1,"6":0},"b":{"0":[0,1],"1":[0,1],"2":[0,1],"3":[0,0],"4":[0,0],"5":[0,0],"6":[0,0],"7":[0,0],"8":[0,0],"9":[0,1],"10":[0,1],"11":[0,1],"12":[0,1],"13":[0,1],"14":[0,1],"15":[1,0]},"_coverageSchema":"1a1c01bbd47fc00a2c39e90264f33305004495a9","hash":"41ab52e335fffa11997f7d38e2b4b5996cc52913"}
,"C:\\Users\\Kwizera\\Documents\\Coding\\node-mybrand-api\\controllers\\commentsController.js": {"path":"C:\\Users\\Kwizera\\Documents\\Coding\\node-mybrand-api\\controllers\\commentsController.js","statementMap":{"0":{"start":{"line":4,"column":29},"end":{"line":27,"column":1}},"1":{"start":{"line":5,"column":2},"end":{"line":6,"column":72}},"2":{"start":{"line":6,"column":4},"end":{"line":6,"column":72}},"3":{"start":{"line":8,"column":15},"end":{"line":8,"column":57}},"4":{"start":{"line":10,"column":2},"end":{"line":10,"column":72}},"5":{"start":{"line":10,"column":13},"end":{"line":10,"column":72}},"6":{"start":{"line":12,"column":2},"end":{"line":26,"column":3}},"7":{"start":{"line":13,"column":18},"end":{"line":13,"column":28}},"8":{"start":{"line":14,"column":21},"end":{"line":19,"column":5}},"9":{"start":{"line":21,"column":17},"end":{"line":21,"column":49}},"10":{"start":{"line":22,"column":4},"end":{"line":22,"column":51}},"11":{"start":{"line":24,"column":4},"end":{"line":24,"column":23}},"12":{"start":{"line":25,"column":4},"end":{"line":25,"column":31}}},"fnMap":{"0":{"name":"(anonymous_0)","decl":{"start":{"line":4,"column":29},"end":{"line":4,"column":30}},"loc":{"start":{"line":4,"column":49},"end":{"line":27,"column":1}},"line":4}},"branchMap":{"0":{"loc":{"start":{"line":5,"column":2},"end":{"line":6,"column":72}},"type":"if","locations":[{"start":{"line":5,"column":2},"end":{"line":6,"column":72}},{"start":{},"end":{}}],"line":5},"1":{"loc":{"start":{"line":10,"column":2},"end":{"line":10,"column":72}},"type":"if","locations":[{"start":{"line":10,"column":2},"end":{"line":10,"column":72}},{"start":{},"end":{}}],"line":10}},"s":{"0":1,"1":1,"2":0,"3":1,"4":1,"5":0,"6":1,"7":1,"8":1,"9":1,"10":1,"11":0,"12":0},"f":{"0":1},"b":{"0":[0,1],"1":[0,1]},"_coverageSchema":"1a1c01bbd47fc00a2c39e90264f33305004495a9","hash":"7fc4c400c0da064e6e00251296c4302eeba79661"}
,"C:\\Users\\Kwizera\\Documents\\Coding\\node-mybrand-api\\controllers\\queryController.js": {"path":"C:\\Users\\Kwizera\\Documents\\Coding\\node-mybrand-api\\controllers\\queryController.js","statementMap":{"0":{"start":{"line":3,"column":29},"end":{"line":8,"column":1}},"1":{"start":{"line":4,"column":21},"end":{"line":4,"column":39}},"2":{"start":{"line":5,"column":2},"end":{"line":5,"column":80}},"3":{"start":{"line":5,"column":19},"end":{"line":5,"column":80}},"4":{"start":{"line":7,"column":2},"end":{"line":7,"column":23}},"5":{"start":{"line":10,"column":30},"end":{"line":25,"column":1}},"6":{"start":{"line":12,"column":2},"end":{"line":24,"column":3}},"7":{"start":{"line":13,"column":19},"end":{"line":18,"column":6}},"8":{"start":{"line":20,"column":4},"end":{"line":20,"column":21}},"9":{"start":{"line":22,"column":4},"end":{"line":22,"column":21}},"10":{"start":{"line":23,"column":4},"end":{"line":23,"column":20}},"11":{"start":{"line":27,"column":27},"end":{"line":34,"column":1}},"12":{"start":{"line":28,"column":2},"end":{"line":29,"column":66}},"13":{"start":{"line":29,"column":4},"end":{"line":29,"column":66}},"14":{"start":{"line":31,"column":17},"end":{"line":31,"column":62}},"15":{"start":{"line":33,"column":2},"end":{"line":33,"column":19}}},"fnMap":{"0":{"name":"(anonymous_0)","decl":{"start":{"line":3,"column":29},"end":{"line":3,"column":30}},"loc":{"start":{"line":3,"column":49},"end":{"line":8,"column":1}},"line":3},"1":{"name":"(anonymous_1)","decl":{"start":{"line":10,"column":30},"end":{"line":10,"column":31}},"loc":{"start":{"line":10,"column":50},"end":{"line":25,"column":1}},"line":10},"2":{"name":"(anonymous_2)","decl":{"start":{"line":27,"column":27},"end":{"line":27,"column":28}},"loc":{"start":{"line":27,"column":47},"end":{"line":34,"column":1}},"line":27}},"branchMap":{"0":{"loc":{"start":{"line":5,"column":2},"end":{"line":5,"column":80}},"type":"if","locations":[{"start":{"line":5,"column":2},"end":{"line":5,"column":80}},{"start":{},"end":{}}],"line":5},"1":{"loc":{"start":{"line":28,"column":2},"end":{"line":29,"column":66}},"type":"if","locations":[{"start":{"line":28,"column":2},"end":{"line":29,"column":66}},{"start":{},"end":{}}],"line":28}},"s":{"0":1,"1":0,"2":0,"3":0,"4":0,"5":1,"6":1,"7":1,"8":1,"9":0,"10":0,"11":1,"12":1,"13":0,"14":1,"15":1},"f":{"0":0,"1":1,"2":1},"b":{"0":[0,0],"1":[0,1]},"_coverageSchema":"1a1c01bbd47fc00a2c39e90264f33305004495a9","hash":"506fecbc3d1058939d4eaf07dfd8af9c607aa11c"}
,"C:\\Users\\Kwizera\\Documents\\Coding\\node-mybrand-api\\controllers\\userController.js": {"path":"C:\\Users\\Kwizera\\Documents\\Coding\\node-mybrand-api\\controllers\\userController.js","statementMap":{"0":{"start":{"line":6,"column":35},"end":{"line":22,"column":1}},"1":{"start":{"line":8,"column":2},"end":{"line":21,"column":3}},"2":{"start":{"line":9,"column":22},"end":{"line":9,"column":62}},"3":{"start":{"line":10,"column":19},"end":{"line":15,"column":6}},"4":{"start":{"line":17,"column":4},"end":{"line":17,"column":45}},"5":{"start":{"line":19,"column":4},"end":{"line":19,"column":21}},"6":{"start":{"line":20,"column":4},"end":{"line":20,"column":51}},"7":{"start":{"line":24,"column":34},"end":{"line":48,"column":1}},"8":{"start":{"line":25,"column":16},"end":{"line":34,"column":3}},"9":{"start":{"line":35,"column":18},"end":{"line":35,"column":26}},"10":{"start":{"line":36,"column":2},"end":{"line":36,"column":26}},"11":{"start":{"line":37,"column":15},"end":{"line":37,"column":37}},"12":{"start":{"line":47,"column":2},"end":{"line":47,"column":72}},"13":{"start":{"line":50,"column":28},"end":{"line":59,"column":1}},"14":{"start":{"line":51,"column":22},"end":{"line":51,"column":67}},"15":{"start":{"line":53,"column":2},"end":{"line":53,"column":47}},"16":{"start":{"line":53,"column":20},"end":{"line":53,"column":47}},"17":{"start":{"line":55,"column":2},"end":{"line":55,"column":25}},"18":{"start":{"line":56,"column":17},"end":{"line":56,"column":41}},"19":{"start":{"line":58,"column":2},"end":{"line":58,"column":38}},"20":{"start":{"line":60,"column":24},"end":{"line":66,"column":1}},"21":{"start":{"line":61,"column":16},"end":{"line":61,"column":33}},"22":{"start":{"line":63,"column":2},"end":{"line":63,"column":73}},"23":{"start":{"line":63,"column":14},"end":{"line":63,"column":73}},"24":{"start":{"line":65,"column":2},"end":{"line":65,"column":18}}},"fnMap":{"0":{"name":"(anonymous_0)","decl":{"start":{"line":6,"column":35},"end":{"line":6,"column":36}},"loc":{"start":{"line":6,"column":55},"end":{"line":22,"column":1}},"line":6},"1":{"name":"(anonymous_1)","decl":{"start":{"line":24,"column":34},"end":{"line":24,"column":35}},"loc":{"start":{"line":24,"column":54},"end":{"line":48,"column":1}},"line":24},"2":{"name":"(anonymous_2)","decl":{"start":{"line":50,"column":28},"end":{"line":50,"column":29}},"loc":{"start":{"line":50,"column":48},"end":{"line":59,"column":1}},"line":50},"3":{"name":"(anonymous_3)","decl":{"start":{"line":60,"column":24},"end":{"line":60,"column":25}},"loc":{"start":{"line":60,"column":44},"end":{"line":66,"column":1}},"line":60}},"branchMap":{"0":{"loc":{"start":{"line":53,"column":2},"end":{"line":53,"column":47}},"type":"if","locations":[{"start":{"line":53,"column":2},"end":{"line":53,"column":47}},{"start":{},"end":{}}],"line":53},"1":{"loc":{"start":{"line":63,"column":2},"end":{"line":63,"column":73}},"type":"if","locations":[{"start":{"line":63,"column":2},"end":{"line":63,"column":73}},{"start":{},"end":{}}],"line":63}},"s":{"0":1,"1":1,"2":1,"3":1,"4":1,"5":0,"6":0,"7":1,"8":1,"9":1,"10":1,"11":1,"12":1,"13":1,"14":1,"15":1,"16":0,"17":1,"18":1,"19":1,"20":1,"21":0,"22":0,"23":0,"24":0},"f":{"0":1,"1":1,"2":1,"3":0},"b":{"0":[0,1],"1":[0,0]},"_coverageSchema":"1a1c01bbd47fc00a2c39e90264f33305004495a9","hash":"ba38c6a017ed77b3a6c798a1fd64b0f6fdaafe2e"}
,"C:\\Users\\Kwizera\\Documents\\Coding\\node-mybrand-api\\middleware\\authVerifyMiddleWare.js": {"path":"C:\\Users\\Kwizera\\Documents\\Coding\\node-mybrand-api\\middleware\\authVerifyMiddleWare.js","statementMap":{"0":{"start":{"line":4,"column":31},"end":{"line":19,"column":1}},"1":{"start":{"line":5,"column":2},"end":{"line":6,"column":69}},"2":{"start":{"line":6,"column":4},"end":{"line":6,"column":69}},"3":{"start":{"line":8,"column":16},"end":{"line":8,"column":58}},"4":{"start":{"line":10,"column":2},"end":{"line":10,"column":76}},"5":{"start":{"line":10,"column":14},"end":{"line":10,"column":76}},"6":{"start":{"line":12,"column":2},"end":{"line":18,"column":3}},"7":{"start":{"line":13,"column":20},"end":{"line":13,"column":61}},"8":{"start":{"line":14,"column":4},"end":{"line":14,"column":32}},"9":{"start":{"line":15,"column":4},"end":{"line":15,"column":11}},"10":{"start":{"line":17,"column":4},"end":{"line":17,"column":55}}},"fnMap":{"0":{"name":"(anonymous_0)","decl":{"start":{"line":4,"column":31},"end":{"line":4,"column":32}},"loc":{"start":{"line":4,"column":51},"end":{"line":19,"column":1}},"line":4}},"branchMap":{"0":{"loc":{"start":{"line":5,"column":2},"end":{"line":6,"column":69}},"type":"if","locations":[{"start":{"line":5,"column":2},"end":{"line":6,"column":69}},{"start":{},"end":{}}],"line":5},"1":{"loc":{"start":{"line":10,"column":2},"end":{"line":10,"column":76}},"type":"if","locations":[{"start":{"line":10,"column":2},"end":{"line":10,"column":76}},{"start":{},"end":{}}],"line":10}},"s":{"0":1,"1":6,"2":0,"3":6,"4":6,"5":0,"6":6,"7":6,"8":6,"9":6,"10":0},"f":{"0":6},"b":{"0":[0,6],"1":[0,6]},"_coverageSchema":"1a1c01bbd47fc00a2c39e90264f33305004495a9","hash":"616282742a447e8356aee9fb5b1fc79193ae9f65"}
,"C:\\Users\\Kwizera\\Documents\\Coding\\node-mybrand-api\\middleware\\validationMiddleWare.js": {"path":"C:\\Users\\Kwizera\\Documents\\Coding\\node-mybrand-api\\middleware\\validationMiddleWare.js","statementMap":{"0":{"start":{"line":3,"column":24},"end":{"line":11,"column":1}},"1":{"start":{"line":3,"column":36},"end":{"line":11,"column":1}},"2":{"start":{"line":4,"column":20},"end":{"line":4,"column":45}},"3":{"start":{"line":5,"column":2},"end":{"line":10,"column":3}},"4":{"start":{"line":6,"column":4},"end":{"line":6,"column":64}},"5":{"start":{"line":9,"column":4},"end":{"line":9,"column":11}}},"fnMap":{"0":{"name":"(anonymous_0)","decl":{"start":{"line":3,"column":24},"end":{"line":3,"column":25}},"loc":{"start":{"line":3,"column":36},"end":{"line":11,"column":1}},"line":3},"1":{"name":"(anonymous_1)","decl":{"start":{"line":3,"column":36},"end":{"line":3,"column":37}},"loc":{"start":{"line":3,"column":56},"end":{"line":11,"column":1}},"line":3}},"branchMap":{"0":{"loc":{"start":{"line":5,"column":2},"end":{"line":10,"column":3}},"type":"if","locations":[{"start":{"line":5,"column":2},"end":{"line":10,"column":3}},{"start":{"line":8,"column":9},"end":{"line":10,"column":3}}],"line":5}},"s":{"0":1,"1":6,"2":5,"3":5,"4":0,"5":5},"f":{"0":6,"1":5},"b":{"0":[0,5]},"_coverageSchema":"1a1c01bbd47fc00a2c39e90264f33305004495a9","hash":"b60988e9b5d5f610f79e5e75c703c177e315fb45"}
,"C:\\Users\\Kwizera\\Documents\\Coding\\node-mybrand-api\\model\\Blog.js": {"path":"C:\\Users\\Kwizera\\Documents\\Coding\\node-mybrand-api\\model\\Blog.js","statementMap":{"0":{"start":{"line":3,"column":19},"end":{"line":28,"column":2}},"1":{"start":{"line":30,"column":14},"end":{"line":30,"column":48}},"2":{"start":{"line":32,"column":22},"end":{"line":32,"column":34}}},"fnMap":{},"branchMap":{},"s":{"0":1,"1":1,"2":1},"f":{},"b":{},"_coverageSchema":"1a1c01bbd47fc00a2c39e90264f33305004495a9","hash":"bf7da6f1e38245cab2af39b4392fcce257cd7c81"}
,"C:\\Users\\Kwizera\\Documents\\Coding\\node-mybrand-api\\model\\Comment.js": {"path":"C:\\Users\\Kwizera\\Documents\\Coding\\node-mybrand-api\\model\\Comment.js","statementMap":{"0":{"start":{"line":2,"column":22},"end":{"line":19,"column":2}},"1":{"start":{"line":21,"column":14},"end":{"line":21,"column":54}},"2":{"start":{"line":22,"column":22},"end":{"line":22,"column":34}}},"fnMap":{},"branchMap":{},"s":{"0":1,"1":1,"2":1},"f":{},"b":{},"_coverageSchema":"1a1c01bbd47fc00a2c39e90264f33305004495a9","hash":"8da66da31297877e5627a05695c74266d8dbc7e0"}
,"C:\\Users\\Kwizera\\Documents\\Coding\\node-mybrand-api\\model\\Query.js": {"path":"C:\\Users\\Kwizera\\Documents\\Coding\\node-mybrand-api\\model\\Query.js","statementMap":{"0":{"start":{"line":3,"column":20},"end":{"line":20,"column":2}},"1":{"start":{"line":22,"column":14},"end":{"line":22,"column":50}},"2":{"start":{"line":23,"column":22},"end":{"line":23,"column":34}}},"fnMap":{},"branchMap":{},"s":{"0":1,"1":1,"2":1},"f":{},"b":{},"_coverageSchema":"1a1c01bbd47fc00a2c39e90264f33305004495a9","hash":"e5b72f4d4121b4ee0f49ee9a7adcb61bc01422e6"}
,"C:\\Users\\Kwizera\\Documents\\Coding\\node-mybrand-api\\model\\User.js": {"path":"C:\\Users\\Kwizera\\Documents\\Coding\\node-mybrand-api\\model\\User.js","statementMap":{"0":{"start":{"line":3,"column":19},"end":{"line":17,"column":2}},"1":{"start":{"line":19,"column":14},"end":{"line":19,"column":48}},"2":{"start":{"line":21,"column":22},"end":{"line":21,"column":34}}},"fnMap":{},"branchMap":{},"s":{"0":1,"1":1,"2":1},"f":{},"b":{},"_coverageSchema":"1a1c01bbd47fc00a2c39e90264f33305004495a9","hash":"f735f0dc2970d4ddc0a734492eb31a49c17cd59e"}
,"C:\\Users\\Kwizera\\Documents\\Coding\\node-mybrand-api\\routes\\api\\blog_routes.js": {"path":"C:\\Users\\Kwizera\\Documents\\Coding\\node-mybrand-api\\routes\\api\\blog_routes.js","statementMap":{"0":{"start":{"line":17,"column":15},"end":{"line":17,"column":43}},"1":{"start":{"line":19,"column":15},"end":{"line":19,"column":31}},"2":{"start":{"line":21,"column":0},"end":{"line":27,"column":4}},"3":{"start":{"line":29,"column":0},"end":{"line":31,"column":68}},"4":{"start":{"line":33,"column":0},"end":{"line":33,"column":58}},"5":{"start":{"line":35,"column":0},"end":{"line":42,"column":39}}},"fnMap":{},"branchMap":{},"s":{"0":1,"1":1,"2":1,"3":1,"4":1,"5":1},"f":{},"b":{},"_coverageSchema":"1a1c01bbd47fc00a2c39e90264f33305004495a9","hash":"f58b6974f30fd32f15899b837090c4c5f3f484e5"}
,"C:\\Users\\Kwizera\\Documents\\Coding\\node-mybrand-api\\routes\\api\\queries_routes.js": {"path":"C:\\Users\\Kwizera\\Documents\\Coding\\node-mybrand-api\\routes\\api\\queries_routes.js","statementMap":{"0":{"start":{"line":11,"column":15},"end":{"line":11,"column":31}},"1":{"start":{"line":13,"column":0},"end":{"line":16,"column":48}},"2":{"start":{"line":18,"column":0},"end":{"line":18,"column":58}}},"fnMap":{},"branchMap":{},"s":{"0":1,"1":1,"2":1},"f":{},"b":{},"_coverageSchema":"1a1c01bbd47fc00a2c39e90264f33305004495a9","hash":"dfe2079ffbe159b54404752b43daeb69b465e60f"}
,"C:\\Users\\Kwizera\\Documents\\Coding\\node-mybrand-api\\routes\\api\\user_routes.js": {"path":"C:\\Users\\Kwizera\\Documents\\Coding\\node-mybrand-api\\routes\\api\\user_routes.js","statementMap":{"0":{"start":{"line":13,"column":15},"end":{"line":13,"column":31}},"1":{"start":{"line":15,"column":0},"end":{"line":15,"column":49}},"2":{"start":{"line":16,"column":0},"end":{"line":24,"column":4}},"3":{"start":{"line":25,"column":0},"end":{"line":33,"column":4}},"4":{"start":{"line":34,"column":0},"end":{"line":34,"column":59}}},"fnMap":{},"branchMap":{},"s":{"0":1,"1":1,"2":1,"3":1,"4":1},"f":{},"b":{},"_coverageSchema":"1a1c01bbd47fc00a2c39e90264f33305004495a9","hash":"0efd0a5cd7eade2c9f8d4b0e93cab1483aacafb3"}
}
