TN:
SF:server.js
FNF:0
FNH:0
DA:2,1
DA:17,1
DA:18,1
DA:27,1
DA:29,1
DA:30,1
DA:31,1
DA:32,1
DA:34,1
DA:35,1
DA:36,1
DA:37,1
DA:39,1
DA:40,1
DA:41,1
DA:42,1
DA:43,1
LF:17
LH:17
BRF:0
BRH:0
end_of_record
TN:
SF:config\allowedOrigins.js
FNF:0
FNH:0
DA:1,1
LF:1
LH:1
BRF:0
BRH:0
end_of_record
TN:
SF:config\cloudinaryUpload.js
FN:14,(anonymous_0)
FN:25,(anonymous_1)
FN:37,(anonymous_2)
FNF:3
FNH:0
FNDA:0,(anonymous_0)
FNDA:0,(anonymous_1)
FNDA:0,(anonymous_2)
DA:2,1
DA:8,1
DA:14,1
DA:18,0
DA:21,0
DA:23,0
DA:30,0
DA:32,0
DA:39,0
DA:40,0
LF:10
LH:3
BRF:0
BRH:0
end_of_record
TN:
SF:config\connectDB.js
FN:4,(anonymous_0)
FNF:1
FNH:1
FNDA:1,(anonymous_0)
DA:3,1
DA:4,1
DA:5,1
DA:6,1
DA:12,0
LF:5
LH:4
BRF:0
BRH:0
end_of_record
TN:
SF:config\corsOptions.js
FN:4,(anonymous_0)
FNF:1
FNH:1
FNDA:22,(anonymous_0)
DA:3,1
DA:5,22
DA:6,22
DA:8,0
LF:4
LH:3
BRDA:5,0,0,22
BRDA:5,0,1,0
BRDA:5,1,0,22
BRDA:5,1,1,22
BRF:4
BRH:3
end_of_record
TN:
SF:config\passportConfig.js
FN:7,(anonymous_0)
FN:16,(anonymous_1)
FN:34,(anonymous_2)
FN:42,(anonymous_3)
FNF:4
FNH:4
FNDA:1,(anonymous_0)
FNDA:1,(anonymous_1)
FNDA:1,(anonymous_2)
FNDA:1,(anonymous_3)
DA:5,1
DA:7,1
DA:8,1
DA:17,1
DA:19,1
DA:20,1
DA:21,0
DA:24,1
DA:25,1
DA:27,0
DA:34,1
DA:35,1
DA:43,1
DA:44,1
DA:46,1
DA:47,1
DA:49,1
LF:17
LH:15
BRDA:20,0,0,0
BRDA:20,0,1,1
BRDA:44,1,0,0
BRDA:44,1,1,1
BRDA:47,2,0,0
BRDA:47,2,1,1
BRF:6
BRH:3
end_of_record
TN:
SF:config\validation.js
FNF:0
FNH:0
DA:3,1
DA:13,1
DA:18,1
DA:25,1
DA:32,1
DA:40,1
LF:6
LH:6
BRF:0
BRH:0
end_of_record
TN:
SF:controllers\blogsController.js
FN:4,(anonymous_0)
FN:25,(anonymous_1)
FN:52,(anonymous_2)
FN:76,(anonymous_3)
FN:88,(anonymous_4)
FN:101,(anonymous_5)
FN:114,(anonymous_6)
FN:129,(anonymous_7)
FNF:8
FNH:7
FNDA:1,(anonymous_0)
FNDA:1,(anonymous_1)
FNDA:1,(anonymous_2)
FNDA:1,(anonymous_3)
FNDA:1,(anonymous_4)
FNDA:1,(anonymous_5)
FNDA:1,(anonymous_6)
FNDA:0,(anonymous_7)
DA:4,1
DA:5,1
DA:6,1
DA:8,1
DA:10,1
DA:11,1
DA:19,1
DA:22,1
DA:25,1
DA:26,1
DA:29,1
DA:33,1
DA:35,1
DA:36,1
DA:45,1
DA:47,0
DA:48,0
DA:52,1
DA:53,1
DA:54,0
DA:55,1
DA:57,1
DA:58,0
DA:59,1
DA:60,1
DA:61,1
DA:62,1
DA:63,1
DA:64,0
DA:66,0
DA:69,0
DA:72,1
DA:73,1
DA:76,1
DA:77,1
DA:78,0
DA:80,1
DA:82,1
DA:83,0
DA:85,1
DA:88,1
DA:89,1
DA:90,0
DA:92,1
DA:93,1
DA:95,1
DA:96,0
DA:98,1
DA:101,1
DA:102,1
DA:103,0
DA:105,1
DA:107,1
DA:108,0
DA:110,1
DA:111,1
DA:114,1
DA:115,1
DA:116,0
DA:118,1
DA:120,1
DA:122,1
DA:123,1
DA:128,1
DA:129,1
DA:131,1
DA:132,1
DA:133,1
DA:134,1
DA:137,0
DA:138,0
DA:140,0
DA:141,0
DA:142,0
DA:143,0
LF:75
LH:55
BRDA:6,0,0,0
BRDA:6,0,1,1
BRDA:26,1,0,0
BRDA:26,1,1,1
BRDA:29,2,0,0
BRDA:29,2,1,1
BRDA:53,3,0,0
BRDA:53,3,1,1
BRDA:57,4,0,0
BRDA:57,4,1,1
BRDA:59,5,0,1
BRDA:59,5,1,0
BRDA:60,6,0,0
BRDA:60,6,1,1
BRDA:61,7,0,1
BRDA:61,7,1,0
BRDA:62,8,0,1
BRDA:62,8,1,0
BRDA:63,9,0,0
BRDA:63,9,1,1
BRDA:64,10,0,0
BRDA:64,10,1,0
BRDA:66,11,0,0
BRDA:66,11,1,0
BRDA:77,12,0,0
BRDA:77,12,1,1
BRDA:82,13,0,0
BRDA:82,13,1,1
BRDA:89,14,0,0
BRDA:89,14,1,1
BRDA:95,15,0,0
BRDA:95,15,1,1
BRDA:98,16,0,1
BRDA:98,16,1,0
BRDA:102,17,0,0
BRDA:102,17,1,1
BRDA:107,18,0,0
BRDA:107,18,1,1
BRDA:115,19,0,0
BRDA:115,19,1,1
BRDA:120,20,0,0
BRDA:120,20,1,1
BRDA:131,21,0,1
BRDA:131,21,1,0
BRF:44
BRH:20
end_of_record
TN:
SF:controllers\commentsController.js
FN:4,(anonymous_0)
FN:29,(anonymous_1)
FN:56,(anonymous_2)
FN:67,(anonymous_3)
FN:82,(anonymous_4)
FN:99,(anonymous_5)
FN:124,(anonymous_6)
FNF:7
FNH:6
FNDA:1,(anonymous_0)
FNDA:1,(anonymous_1)
FNDA:1,(anonymous_2)
FNDA:1,(anonymous_3)
FNDA:0,(anonymous_4)
FNDA:1,(anonymous_5)
FNDA:1,(anonymous_6)
DA:4,1
DA:5,1
DA:6,0
DA:8,1
DA:10,1
DA:12,1
DA:13,1
DA:14,1
DA:21,1
DA:22,1
DA:24,0
DA:25,0
DA:29,1
DA:30,1
DA:31,0
DA:33,1
DA:35,1
DA:37,1
DA:38,1
DA:39,1
DA:40,1
DA:42,1
DA:43,0
DA:44,0
DA:45,0
DA:47,0
DA:49,1
DA:53,1
DA:56,1
DA:57,1
DA:58,0
DA:60,1
DA:62,1
DA:64,1
DA:67,1
DA:68,1
DA:69,0
DA:71,1
DA:73,1
DA:75,1
DA:76,1
DA:81,1
DA:82,1
DA:84,1
DA:85,1
DA:86,1
DA:87,1
DA:90,0
DA:91,0
DA:93,0
DA:94,0
DA:95,0
DA:96,0
DA:99,1
DA:100,1
DA:101,0
DA:103,1
DA:105,1
DA:107,1
DA:108,1
DA:109,1
DA:116,1
DA:117,1
DA:119,0
DA:120,0
DA:124,1
DA:125,1
DA:126,0
DA:128,1
DA:130,1
DA:132,1
DA:134,1
LF:72
LH:52
BRDA:5,0,0,0
BRDA:5,0,1,1
BRDA:10,1,0,0
BRDA:10,1,1,1
BRDA:30,2,0,0
BRDA:30,2,1,1
BRDA:35,3,0,0
BRDA:35,3,1,1
BRDA:42,4,0,0
BRDA:42,4,1,1
BRDA:57,5,0,0
BRDA:57,5,1,1
BRDA:62,6,0,0
BRDA:62,6,1,1
BRDA:68,7,0,0
BRDA:68,7,1,1
BRDA:73,8,0,0
BRDA:73,8,1,1
BRDA:84,9,0,1
BRDA:84,9,1,0
BRDA:100,10,0,0
BRDA:100,10,1,1
BRDA:105,11,0,0
BRDA:105,11,1,1
BRDA:125,12,0,0
BRDA:125,12,1,1
BRDA:130,13,0,0
BRDA:130,13,1,1
BRDA:134,14,0,1
BRDA:134,14,1,0
BRF:30
BRH:15
end_of_record
TN:
SF:controllers\projectsController.js
FN:4,(anonymous_0)
FN:12,(anonymous_1)
FN:45,(anonymous_2)
FNF:3
FNH:3
FNDA:1,(anonymous_0)
FNDA:1,(anonymous_1)
FNDA:1,(anonymous_2)
DA:4,1
DA:5,1
DA:7,1
DA:9,1
DA:12,1
DA:13,1
DA:14,1
DA:15,1
DA:16,0
DA:17,0
DA:19,0
DA:20,0
DA:21,0
DA:22,0
DA:26,1
DA:27,1
DA:30,1
DA:31,1
DA:38,1
DA:40,0
DA:41,0
DA:45,1
DA:46,1
DA:47,0
DA:49,1
DA:51,1
DA:52,0
DA:54,1
LF:28
LH:18
BRDA:7,0,0,0
BRDA:7,0,1,1
BRDA:9,1,0,1
BRDA:9,1,1,0
BRDA:15,2,0,0
BRDA:15,2,1,1
BRDA:16,3,0,0
BRDA:16,3,1,0
BRDA:46,4,0,0
BRDA:46,4,1,1
BRDA:51,5,0,0
BRDA:51,5,1,1
BRF:12
BRH:5
end_of_record
TN:
SF:controllers\queryController.js
FN:3,(anonymous_0)
FN:10,(anonymous_1)
FN:27,(anonymous_2)
FNF:3
FNH:2
FNDA:0,(anonymous_0)
FNDA:1,(anonymous_1)
FNDA:1,(anonymous_2)
DA:3,1
DA:4,0
DA:5,0
DA:7,0
DA:10,1
DA:11,1
DA:12,1
DA:13,1
DA:20,1
DA:22,0
DA:23,0
DA:27,1
DA:28,1
DA:29,0
DA:31,1
DA:33,1
LF:16
LH:10
BRDA:5,0,0,0
BRDA:5,0,1,0
BRDA:28,1,0,0
BRDA:28,1,1,1
BRF:4
BRH:1
end_of_record
TN:
SF:controllers\userController.js
FN:6,(anonymous_0)
FN:23,(anonymous_1)
FN:56,(anonymous_2)
FN:77,(anonymous_3)
FNF:4
FNH:4
FNDA:1,(anonymous_0)
FNDA:1,(anonymous_1)
FNDA:1,(anonymous_2)
FNDA:1,(anonymous_3)
DA:6,1
DA:7,1
DA:8,1
DA:9,1
DA:16,1
DA:18,0
DA:19,0
DA:23,1
DA:24,1
DA:34,1
DA:35,1
DA:36,1
DA:39,1
DA:46,1
DA:56,1
DA:57,1
DA:59,1
DA:61,1
DA:62,1
DA:64,1
DA:70,1
DA:75,1
DA:77,1
DA:78,1
DA:80,1
DA:82,1
LF:26
LH:24
BRDA:59,0,0,0
BRDA:59,0,1,1
BRDA:80,1,0,0
BRDA:80,1,1,1
BRF:4
BRH:2
end_of_record
TN:
SF:middleware\authVerifyMiddleWare.js
FN:4,(anonymous_0)
FNF:1
FNH:1
FNDA:14,(anonymous_0)
DA:4,1
DA:5,14
DA:6,0
DA:9,14
DA:13,14
DA:15,14
DA:16,14
DA:17,14
DA:18,14
DA:20,0
LF:10
LH:8
BRDA:5,0,0,0
BRDA:5,0,1,14
BRDA:5,1,0,14
BRDA:5,1,1,0
BRDA:9,2,0,14
BRDA:9,2,1,0
BRDA:13,3,0,0
BRDA:13,3,1,14
BRF:8
BRH:4
end_of_record
TN:
SF:middleware\validationMiddleWare.js
FN:3,(anonymous_0)
FN:3,(anonymous_1)
FNF:2
FNH:2
FNDA:7,(anonymous_0)
FNDA:7,(anonymous_1)
DA:3,7
DA:4,7
DA:5,7
DA:6,0
DA:9,7
LF:5
LH:4
BRDA:5,0,0,0
BRDA:5,0,1,7
BRF:2
BRH:1
end_of_record
TN:
SF:model\Blog.js
FNF:0
FNH:0
DA:3,1
DA:35,1
DA:37,1
LF:3
LH:3
BRF:0
BRH:0
end_of_record
TN:
SF:model\Comment.js
FNF:0
FNH:0
DA:2,1
DA:25,1
DA:26,1
LF:3
LH:3
BRF:0
BRH:0
end_of_record
TN:
SF:model\Project.js
FNF:0
FNH:0
DA:2,1
DA:21,1
DA:22,1
LF:3
LH:3
BRF:0
BRH:0
end_of_record
TN:
SF:model\Query.js
FNF:0
FNH:0
DA:3,1
DA:22,1
DA:23,1
LF:3
LH:3
BRF:0
BRH:0
end_of_record
TN:
SF:model\User.js
FNF:0
FNH:0
DA:3,1
DA:19,1
DA:21,1
LF:3
LH:3
BRF:0
BRH:0
end_of_record
TN:
SF:routes\api\blog_routes.js
FNF:0
FNH:0
DA:21,1
DA:23,1
DA:25,1
DA:33,1
DA:35,1
DA:40,1
DA:42,1
LF:7
LH:7
BRF:0
BRH:0
end_of_record
TN:
SF:routes\api\comment_routes.js
FNF:0
FNH:0
DA:9,1
DA:149,1
DA:151,1
DA:153,1
DA:155,1
LF:5
LH:5
BRF:0
BRH:0
end_of_record
TN:
SF:routes\api\project_routes.js
FN:14,(anonymous_0)
FN:18,(anonymous_1)
FNF:2
FNH:0
FNDA:0,(anonymous_0)
FNDA:0,(anonymous_1)
DA:13,1
DA:15,0
DA:19,0
DA:26,1
DA:28,1
DA:30,1
DA:38,1
LF:7
LH:5
BRF:0
BRH:0
end_of_record
TN:
SF:routes\api\queries_routes.js
FNF:0
FNH:0
DA:11,1
DA:126,1
DA:131,1
LF:3
LH:3
BRF:0
BRH:0
end_of_record
TN:
SF:routes\api\user_routes.js
FNF:0
FNH:0
DA:13,1
DA:15,1
DA:16,1
DA:165,1
DA:174,1
LF:5
LH:5
BRF:0
BRH:0
end_of_record
