TN:
SF:server.js
FNF:0
FNH:0
DA:2,1
DA:12,1
DA:13,1
DA:22,1
DA:24,1
DA:25,1
DA:27,1
DA:28,1
DA:29,1
DA:30,1
DA:32,1
DA:33,1
DA:34,1
LF:13
LH:13
BRF:0
BRH:0
end_of_record
TN:
SF:config\cloudinaryUpload.js
FN:14,(anonymous_0)
FN:25,(anonymous_1)
FN:37,(anonymous_2)
FNF:3
FNH:0
FNDA:0,(anonymous_0)
FNDA:0,(anonymous_1)
FNDA:0,(anonymous_2)
DA:2,1
DA:8,1
DA:14,1
DA:18,0
DA:21,0
DA:23,0
DA:30,0
DA:32,0
DA:39,0
DA:40,0
LF:10
LH:3
BRF:0
BRH:0
end_of_record
TN:
SF:config\connectDB.js
FN:4,(anonymous_0)
FNF:1
FNH:1
FNDA:1,(anonymous_0)
DA:3,1
DA:4,1
DA:5,1
DA:6,1
DA:12,0
LF:5
LH:4
BRF:0
BRH:0
end_of_record
TN:
SF:config\isJestRunning.js
FN:1,areWeTestingWithJest
FNF:1
FNH:0
FNDA:0,areWeTestingWithJest
DA:2,0
LF:1
LH:0
BRF:0
BRH:0
end_of_record
TN:
SF:config\passportConfig.js
FN:7,(anonymous_0)
FN:16,(anonymous_1)
FN:34,(anonymous_2)
FN:42,(anonymous_3)
FNF:4
FNH:4
FNDA:1,(anonymous_0)
FNDA:1,(anonymous_1)
FNDA:1,(anonymous_2)
FNDA:1,(anonymous_3)
DA:5,1
DA:7,1
DA:8,1
DA:17,1
DA:19,1
DA:20,1
DA:21,0
DA:24,1
DA:25,1
DA:27,0
DA:34,1
DA:35,1
DA:43,1
DA:44,1
DA:46,1
DA:47,1
DA:49,1
LF:17
LH:15
BRDA:20,0,0,0
BRDA:20,0,1,1
BRDA:44,1,0,0
BRDA:44,1,1,1
BRDA:47,2,0,0
BRDA:47,2,1,1
BRF:6
BRH:3
end_of_record
TN:
SF:config\validation.js
FNF:0
FNH:0
DA:3,1
DA:13,1
DA:18,1
DA:25,1
DA:34,1
LF:5
LH:5
BRF:0
BRH:0
end_of_record
TN:
SF:controllers\blogsController.js
FN:4,(anonymous_0)
FN:25,(anonymous_1)
FN:53,(anonymous_2)
FN:74,(anonymous_3)
FN:86,(anonymous_4)
FN:99,(anonymous_5)
FN:114,(anonymous_6)
FNF:7
FNH:5
FNDA:1,(anonymous_0)
FNDA:1,(anonymous_1)
FNDA:0,(anonymous_2)
FNDA:1,(anonymous_3)
FNDA:0,(anonymous_4)
FNDA:1,(anonymous_5)
FNDA:1,(anonymous_6)
DA:4,1
DA:5,1
DA:6,1
DA:8,1
DA:10,1
DA:11,3
DA:19,3
DA:22,1
DA:25,1
DA:31,1
DA:33,1
DA:37,1
DA:38,1
DA:46,1
DA:48,0
DA:49,0
DA:53,1
DA:54,0
DA:55,0
DA:56,0
DA:58,0
DA:59,0
DA:60,0
DA:61,0
DA:62,0
DA:63,0
DA:64,0
DA:65,0
DA:66,0
DA:67,0
DA:70,0
DA:71,0
DA:74,1
DA:75,1
DA:76,0
DA:78,1
DA:80,1
DA:81,0
DA:83,1
DA:86,1
DA:87,0
DA:88,0
DA:90,0
DA:92,0
DA:93,0
DA:95,0
DA:96,0
DA:99,1
DA:100,1
DA:101,0
DA:103,1
DA:105,1
DA:107,1
DA:108,1
DA:113,1
DA:114,1
DA:116,1
DA:117,0
DA:118,0
DA:119,0
DA:122,1
DA:123,1
DA:125,1
DA:126,1
DA:127,1
DA:128,1
LF:66
LH:36
BRDA:6,0,0,0
BRDA:6,0,1,1
BRDA:31,1,0,0
BRDA:31,1,1,1
BRDA:33,2,0,0
BRDA:33,2,1,1
BRDA:54,3,0,0
BRDA:54,3,1,0
BRDA:58,4,0,0
BRDA:58,4,1,0
BRDA:60,5,0,0
BRDA:60,5,1,0
BRDA:61,6,0,0
BRDA:61,6,1,0
BRDA:62,7,0,0
BRDA:62,7,1,0
BRDA:63,8,0,0
BRDA:63,8,1,0
BRDA:75,9,0,0
BRDA:75,9,1,1
BRDA:80,10,0,0
BRDA:80,10,1,1
BRDA:87,11,0,0
BRDA:87,11,1,0
BRDA:92,12,0,0
BRDA:92,12,1,0
BRDA:100,13,0,0
BRDA:100,13,1,1
BRDA:105,14,0,0
BRDA:105,14,1,1
BRDA:116,15,0,0
BRDA:116,15,1,1
BRF:32
BRH:8
end_of_record
TN:
SF:controllers\commentsController.js
FN:4,(anonymous_0)
FNF:1
FNH:0
FNDA:0,(anonymous_0)
DA:4,1
DA:5,0
DA:6,0
DA:8,0
DA:10,0
DA:12,0
DA:13,0
DA:14,0
DA:21,0
DA:22,0
DA:24,0
DA:25,0
LF:12
LH:1
BRDA:5,0,0,0
BRDA:5,0,1,0
BRDA:10,1,0,0
BRDA:10,1,1,0
BRF:4
BRH:0
end_of_record
TN:
SF:controllers\queryController.js
FN:3,(anonymous_0)
FN:10,(anonymous_1)
FN:27,(anonymous_2)
FNF:3
FNH:0
FNDA:0,(anonymous_0)
FNDA:0,(anonymous_1)
FNDA:0,(anonymous_2)
DA:3,1
DA:4,0
DA:5,0
DA:7,0
DA:10,1
DA:12,0
DA:13,0
DA:20,0
DA:22,0
DA:23,0
DA:27,1
DA:28,0
DA:29,0
DA:31,0
DA:33,0
LF:15
LH:3
BRDA:5,0,0,0
BRDA:5,0,1,0
BRDA:28,1,0,0
BRDA:28,1,1,0
BRF:4
BRH:0
end_of_record
TN:
SF:controllers\userController.js
FN:6,(anonymous_0)
FN:28,(anonymous_1)
FN:54,(anonymous_2)
FN:64,(anonymous_3)
FNF:4
FNH:3
FNDA:1,(anonymous_0)
FNDA:1,(anonymous_1)
FNDA:1,(anonymous_2)
FNDA:0,(anonymous_3)
DA:6,1
DA:12,1
DA:13,1
DA:14,1
DA:21,1
DA:23,0
DA:24,0
DA:28,1
DA:29,1
DA:39,1
DA:40,1
DA:41,1
DA:51,1
DA:54,1
DA:55,1
DA:57,1
DA:59,1
DA:60,1
DA:62,1
DA:64,1
DA:65,0
DA:67,0
DA:69,0
LF:23
LH:18
BRDA:57,0,0,0
BRDA:57,0,1,1
BRDA:67,1,0,0
BRDA:67,1,1,0
BRF:4
BRH:1
end_of_record
TN:
SF:middleware\authVerifyMiddleWare.js
FN:5,(anonymous_0)
FNF:1
FNH:1
FNDA:3,(anonymous_0)
DA:5,1
DA:6,3
DA:7,0
DA:9,3
DA:11,3
DA:13,3
DA:14,3
DA:15,3
DA:16,3
DA:18,0
LF:10
LH:8
BRDA:6,0,0,0
BRDA:6,0,1,3
BRDA:11,1,0,0
BRDA:11,1,1,3
BRF:4
BRH:2
end_of_record
TN:
SF:middleware\validationMiddleWare.js
FN:3,(anonymous_0)
FN:3,(anonymous_1)
FNF:2
FNH:2
FNDA:6,(anonymous_0)
FNDA:3,(anonymous_1)
DA:3,6
DA:4,3
DA:5,3
DA:6,0
DA:9,3
LF:5
LH:4
BRDA:5,0,0,0
BRDA:5,0,1,3
BRF:2
BRH:1
end_of_record
TN:
SF:model\Blog.js
FNF:0
FNH:0
DA:3,1
DA:30,1
DA:32,1
LF:3
LH:3
BRF:0
BRH:0
end_of_record
TN:
SF:model\Comment.js
FNF:0
FNH:0
DA:2,1
DA:21,1
DA:22,1
LF:3
LH:3
BRF:0
BRH:0
end_of_record
TN:
SF:model\Query.js
FNF:0
FNH:0
DA:3,1
DA:22,1
DA:23,1
LF:3
LH:3
BRF:0
BRH:0
end_of_record
TN:
SF:model\User.js
FNF:0
FNH:0
DA:3,1
DA:19,1
DA:21,1
LF:3
LH:3
BRF:0
BRH:0
end_of_record
TN:
SF:routes\api\blog_routes.js
FNF:0
FNH:0
DA:17,1
DA:19,1
DA:21,1
DA:29,1
DA:33,1
DA:35,1
LF:6
LH:6
BRF:0
BRH:0
end_of_record
TN:
SF:routes\api\queries_routes.js
FNF:0
FNH:0
DA:11,1
DA:13,1
DA:18,1
LF:3
LH:3
BRF:0
BRH:0
end_of_record
TN:
SF:routes\api\user_routes.js
FNF:0
FNH:0
DA:13,1
DA:15,1
DA:16,1
DA:25,1
DA:34,1
LF:5
LH:5
BRF:0
BRH:0
end_of_record
